mode: set
ProjectMessenger/domain/errors.go:11.37,14.2 2 1
ProjectMessenger/internal/auth/repository/db/sessions.go:18.114,25.16 7 1
ProjectMessenger/internal/auth/repository/db/sessions.go:25.16,27.36 2 1
ProjectMessenger/internal/auth/repository/db/sessions.go:27.36,30.4 2 1
ProjectMessenger/internal/auth/repository/db/sessions.go:31.3,38.18 3 1
ProjectMessenger/internal/auth/repository/db/sessions.go:40.2,41.21 2 1
ProjectMessenger/internal/auth/repository/db/sessions.go:44.87,50.16 6 1
ProjectMessenger/internal/auth/repository/db/sessions.go:50.16,59.3 3 1
ProjectMessenger/internal/auth/repository/db/sessions.go:60.2,61.18 2 1
ProjectMessenger/internal/auth/repository/db/sessions.go:64.73,68.16 4 1
ProjectMessenger/internal/auth/repository/db/sessions.go:68.16,76.3 2 1
ProjectMessenger/internal/auth/repository/db/sessions.go:77.2,77.56 1 1
ProjectMessenger/internal/auth/repository/db/sessions.go:80.46,83.2 2 1
ProjectMessenger/internal/auth/repository/db/users.go:25.61,32.2 2 0
ProjectMessenger/internal/auth/repository/db/users.go:34.64,41.2 2 1
ProjectMessenger/internal/auth/repository/db/users.go:43.69,47.16 4 1
ProjectMessenger/internal/auth/repository/db/users.go:47.16,48.36 1 1
ProjectMessenger/internal/auth/repository/db/users.go:48.36,51.4 2 1
ProjectMessenger/internal/auth/repository/db/users.go:53.3,59.13 3 1
ProjectMessenger/internal/auth/repository/db/users.go:62.2,62.18 1 1
ProjectMessenger/internal/auth/repository/db/users.go:62.18,65.17 3 1
ProjectMessenger/internal/auth/repository/db/users.go:65.17,73.4 3 0
ProjectMessenger/internal/auth/repository/db/users.go:74.3,74.32 1 1
ProjectMessenger/internal/auth/repository/db/users.go:76.2,77.16 2 1
ProjectMessenger/internal/auth/repository/db/users.go:80.102,84.16 4 1
ProjectMessenger/internal/auth/repository/db/users.go:84.16,85.36 1 1
ProjectMessenger/internal/auth/repository/db/users.go:85.36,88.4 2 1
ProjectMessenger/internal/auth/repository/db/users.go:90.3,96.21 3 1
ProjectMessenger/internal/auth/repository/db/users.go:98.2,99.19 2 1
ProjectMessenger/internal/auth/repository/db/users.go:102.94,108.16 3 1
ProjectMessenger/internal/auth/repository/db/users.go:108.16,116.3 3 1
ProjectMessenger/internal/auth/repository/db/users.go:118.2,120.20 3 1
ProjectMessenger/internal/auth/repository/db/users.go:123.96,126.16 3 1
ProjectMessenger/internal/auth/repository/db/users.go:126.16,127.36 1 1
ProjectMessenger/internal/auth/repository/db/users.go:127.36,130.4 2 1
ProjectMessenger/internal/auth/repository/db/users.go:132.3,138.21 3 1
ProjectMessenger/internal/auth/repository/db/users.go:140.2,141.19 2 1
ProjectMessenger/internal/auth/repository/db/users.go:144.86,147.12 3 1
ProjectMessenger/internal/auth/repository/db/users.go:147.12,151.3 3 1
ProjectMessenger/internal/auth/repository/db/users.go:153.2,155.16 2 1
ProjectMessenger/internal/auth/repository/db/users.go:155.16,163.3 3 1
ProjectMessenger/internal/auth/repository/db/users.go:164.2,165.13 2 1
ProjectMessenger/internal/auth/repository/db/users.go:168.140,172.28 4 0
ProjectMessenger/internal/auth/repository/db/users.go:172.28,175.3 2 0
ProjectMessenger/internal/auth/repository/db/users.go:176.2,177.116 2 0
ProjectMessenger/internal/auth/repository/db/users.go:177.116,180.3 2 0
ProjectMessenger/internal/auth/repository/db/users.go:184.2,188.16 4 0
ProjectMessenger/internal/auth/repository/db/users.go:188.16,191.3 2 0
ProjectMessenger/internal/auth/repository/db/users.go:192.2,196.16 3 0
ProjectMessenger/internal/auth/repository/db/users.go:196.16,199.3 2 0
ProjectMessenger/internal/auth/repository/db/users.go:200.2,201.40 2 0
ProjectMessenger/internal/auth/repository/db/users.go:204.79,218.16 4 1
ProjectMessenger/internal/auth/repository/db/users.go:218.16,219.36 1 1
ProjectMessenger/internal/auth/repository/db/users.go:219.36,222.4 2 1
ProjectMessenger/internal/auth/repository/db/users.go:224.3,230.20 3 1
ProjectMessenger/internal/auth/repository/db/users.go:233.2,233.18 1 1
ProjectMessenger/internal/auth/repository/db/users.go:233.18,238.17 3 1
ProjectMessenger/internal/auth/repository/db/users.go:238.17,247.4 4 0
ProjectMessenger/internal/auth/repository/db/users.go:248.3,248.47 1 1
ProjectMessenger/internal/auth/repository/db/users.go:250.2,251.19 2 1
ProjectMessenger/internal/auth/repository/db/users.go:254.82,260.16 4 1
ProjectMessenger/internal/auth/repository/db/users.go:260.16,268.3 3 1
ProjectMessenger/internal/auth/repository/db/users.go:269.2,270.13 2 1
ProjectMessenger/internal/auth/repository/db/users.go:273.47,275.2 1 0
ProjectMessenger/internal/auth/repository/db/users.go:277.60,280.18 3 0
ProjectMessenger/internal/auth/repository/db/users.go:280.18,282.17 2 0
ProjectMessenger/internal/auth/repository/db/users.go:282.17,289.4 2 0
ProjectMessenger/internal/auth/repository/db/users.go:290.3,291.17 2 0
ProjectMessenger/internal/auth/repository/db/users.go:291.17,298.4 2 0
ProjectMessenger/internal/auth/repository/db/users.go:299.3,300.17 2 0
ProjectMessenger/internal/auth/repository/db/users.go:300.17,307.4 2 0
ProjectMessenger/internal/auth/repository/db/users.go:309.3,310.17 2 0
ProjectMessenger/internal/auth/repository/db/users.go:310.17,317.4 2 0
ProjectMessenger/internal/auth/repository/db/users.go:319.3,319.37 1 0
ProjectMessenger/internal/auth/repository/db/users.go:319.37,323.18 4 0
ProjectMessenger/internal/auth/repository/db/users.go:323.18,330.5 2 0
ProjectMessenger/internal/auth/repository/db/users.go:334.2,336.18 3 0
ProjectMessenger/internal/auth/repository/db/users.go:336.18,338.17 2 0
ProjectMessenger/internal/auth/repository/db/users.go:338.17,345.4 2 0
ProjectMessenger/internal/auth/repository/db/users.go:347.3,360.17 13 0
ProjectMessenger/internal/auth/repository/db/users.go:360.17,367.4 2 0
ProjectMessenger/internal/auth/repository/db/users.go:369.2,370.11 2 0
ProjectMessenger/internal/auth/repository/db/users.go:373.44,396.2 3 0
ProjectMessenger/internal/misc/encryption.go:9.36,12.19 3 1
ProjectMessenger/internal/misc/encryption.go:12.19,14.3 1 1
ProjectMessenger/internal/misc/encryption.go:15.2,15.18 1 1
ProjectMessenger/internal/misc/encryption.go:18.70,23.2 4 0
ProjectMessenger/internal/misc/encryption.go:25.63,29.2 3 0
ProjectMessenger/internal/misc/requests.go:14.88,18.16 4 0
ProjectMessenger/internal/misc/requests.go:18.16,21.3 2 0
ProjectMessenger/internal/misc/requests.go:22.2,23.16 2 0
ProjectMessenger/internal/misc/requests.go:23.16,26.3 2 0
ProjectMessenger/internal/misc/requests.go:27.2,27.57 1 0
ProjectMessenger/internal/misc/requests.go:30.62,36.16 3 0
ProjectMessenger/internal/misc/requests.go:36.16,38.3 1 0
ProjectMessenger/internal/misc/requests.go:39.2,39.21 1 0
ProjectMessenger/internal/misc/requests.go:42.73,49.2 5 0
ProjectMessenger/domain/errors.go:11.37,14.2 2 1
ProjectMessenger/internal/chats/repository/db/chats.go:19.41,23.2 1 1
ProjectMessenger/internal/chats/repository/db/chats.go:25.44,29.2 1 1
ProjectMessenger/internal/chats/repository/db/chats.go:31.88,35.16 4 1
ProjectMessenger/internal/chats/repository/db/chats.go:35.16,36.36 1 1
ProjectMessenger/internal/chats/repository/db/chats.go:36.36,39.4 2 1
ProjectMessenger/internal/chats/repository/db/chats.go:40.3,47.53 4 1
ProjectMessenger/internal/chats/repository/db/chats.go:49.2,52.18 4 1
ProjectMessenger/internal/chats/repository/db/chats.go:55.122,58.16 3 0
ProjectMessenger/internal/chats/repository/db/chats.go:58.16,67.3 4 0
ProjectMessenger/internal/chats/repository/db/chats.go:68.2,68.18 1 0
ProjectMessenger/internal/chats/repository/db/chats.go:68.18,70.43 2 0
ProjectMessenger/internal/chats/repository/db/chats.go:70.43,78.4 3 0
ProjectMessenger/internal/chats/repository/db/chats.go:79.3,80.17 2 0
ProjectMessenger/internal/chats/repository/db/chats.go:80.17,88.4 3 0
ProjectMessenger/internal/chats/repository/db/chats.go:89.3,89.23 1 0
ProjectMessenger/internal/chats/repository/db/chats.go:89.23,91.4 1 0
ProjectMessenger/internal/chats/repository/db/chats.go:93.2,93.22 1 0
ProjectMessenger/internal/chats/repository/db/chats.go:96.117,102.22 6 1
ProjectMessenger/internal/chats/repository/db/chats.go:102.22,110.3 3 1
ProjectMessenger/internal/chats/repository/db/chats.go:110.8,110.30 1 1
ProjectMessenger/internal/chats/repository/db/chats.go:110.30,112.3 1 1
ProjectMessenger/internal/chats/repository/db/chats.go:112.8,116.3 3 1
ProjectMessenger/internal/chats/repository/db/chats.go:117.2,119.16 2 1
ProjectMessenger/internal/chats/repository/db/chats.go:119.16,127.3 3 1
ProjectMessenger/internal/chats/repository/db/chats.go:130.2,133.25 3 1
ProjectMessenger/internal/chats/repository/db/chats.go:133.25,135.17 2 1
ProjectMessenger/internal/chats/repository/db/chats.go:135.17,144.4 4 1
ProjectMessenger/internal/chats/repository/db/chats.go:146.2,146.20 1 1
ProjectMessenger/internal/chats/repository/db/chats.go:149.91,153.16 4 1
ProjectMessenger/internal/chats/repository/db/chats.go:153.16,156.3 2 1
ProjectMessenger/internal/chats/repository/db/chats.go:158.2,160.16 3 1
ProjectMessenger/internal/chats/repository/db/chats.go:160.16,163.3 2 1
ProjectMessenger/internal/chats/repository/db/chats.go:165.2,167.16 3 1
ProjectMessenger/internal/chats/repository/db/chats.go:167.16,170.3 2 1
ProjectMessenger/internal/chats/repository/db/chats.go:171.2,172.16 2 1
ProjectMessenger/internal/chats/repository/db/chats.go:172.16,175.3 2 0
ProjectMessenger/internal/chats/repository/db/chats.go:177.2,177.16 1 1
ProjectMessenger/internal/chats/repository/db/chats.go:177.16,179.3 1 0
ProjectMessenger/internal/chats/repository/db/chats.go:179.8,179.23 1 1
ProjectMessenger/internal/chats/repository/db/chats.go:179.23,181.3 1 1
ProjectMessenger/internal/chats/repository/db/chats.go:181.8,184.3 2 0
ProjectMessenger/internal/chats/repository/db/chats.go:187.81,191.16 4 1
ProjectMessenger/internal/chats/repository/db/chats.go:191.16,199.3 3 1
ProjectMessenger/internal/chats/repository/db/chats.go:200.2,202.18 2 1
ProjectMessenger/internal/chats/repository/db/chats.go:202.18,205.165 3 1
ProjectMessenger/internal/chats/repository/db/chats.go:205.165,213.4 3 0
ProjectMessenger/internal/chats/repository/db/chats.go:214.3,215.27 2 1
ProjectMessenger/internal/chats/repository/db/chats.go:215.27,217.4 1 1
ProjectMessenger/internal/chats/repository/db/chats.go:218.3,222.24 5 1
ProjectMessenger/internal/chats/repository/db/chats.go:222.24,224.4 1 1
ProjectMessenger/internal/chats/repository/db/chats.go:226.2,226.34 1 1
ProjectMessenger/internal/chats/repository/db/chats.go:226.34,234.3 3 0
ProjectMessenger/internal/chats/repository/db/chats.go:235.2,235.14 1 1
ProjectMessenger/internal/chats/repository/db/chats.go:238.109,240.16 2 1
ProjectMessenger/internal/chats/repository/db/chats.go:240.16,247.3 2 1
ProjectMessenger/internal/chats/repository/db/chats.go:248.2,248.26 1 1
ProjectMessenger/internal/chats/repository/db/chats.go:251.94,255.16 4 0
ProjectMessenger/internal/chats/repository/db/chats.go:255.16,256.27 1 0
ProjectMessenger/internal/chats/repository/db/chats.go:256.27,258.4 1 0
ProjectMessenger/internal/chats/repository/db/chats.go:259.3,264.33 2 0
ProjectMessenger/internal/chats/repository/db/chats.go:266.2,266.23 1 0
ProjectMessenger/internal/chats/repository/db/chats.go:269.91,272.16 3 1
ProjectMessenger/internal/chats/repository/db/chats.go:272.16,280.3 3 1
ProjectMessenger/internal/chats/repository/db/chats.go:281.2,283.18 2 1
ProjectMessenger/internal/chats/repository/db/chats.go:283.18,285.70 2 1
ProjectMessenger/internal/chats/repository/db/chats.go:285.70,293.4 3 0
ProjectMessenger/internal/chats/repository/db/chats.go:294.3,294.43 1 1
ProjectMessenger/internal/chats/repository/db/chats.go:296.2,296.18 1 1
ProjectMessenger/internal/chats/repository/db/chats.go:299.89,303.16 4 1
ProjectMessenger/internal/chats/repository/db/chats.go:303.16,312.3 4 1
ProjectMessenger/internal/chats/repository/db/chats.go:313.2,314.18 2 1
ProjectMessenger/internal/chats/repository/db/chats.go:314.18,316.140 2 1
ProjectMessenger/internal/chats/repository/db/chats.go:316.140,325.4 4 0
ProjectMessenger/internal/chats/repository/db/chats.go:326.3,326.51 1 1
ProjectMessenger/internal/chats/repository/db/chats.go:328.2,328.34 1 1
ProjectMessenger/internal/chats/repository/db/chats.go:328.34,336.3 3 0
ProjectMessenger/internal/chats/repository/db/chats.go:337.2,337.50 1 1
ProjectMessenger/internal/chats/repository/db/chats.go:337.50,339.3 1 1
ProjectMessenger/internal/chats/repository/db/chats.go:340.2,340.24 1 1
ProjectMessenger/internal/chats/repository/db/chats.go:343.89,348.16 5 1
ProjectMessenger/internal/chats/repository/db/chats.go:348.16,356.3 3 1
ProjectMessenger/internal/chats/repository/db/chats.go:357.2,357.13 1 1
ProjectMessenger/internal/chats/repository/db/chats.go:360.35,366.16 5 1
ProjectMessenger/internal/chats/repository/db/chats.go:366.16,373.3 2 1
ProjectMessenger/internal/chats/repository/db/chats.go:375.2,400.16 5 1
ProjectMessenger/internal/chats/repository/db/chats.go:400.16,407.3 2 1
ProjectMessenger/internal/chats/repository/db/chats.go:410.63,414.24 4 1
ProjectMessenger/internal/chats/repository/db/chats.go:414.24,432.3 13 1
ProjectMessenger/internal/chats/repository/db/chats.go:433.2,433.11 1 1
ProjectMessenger/internal/chats/repository/db/chats.go:436.36,438.16 2 1
ProjectMessenger/internal/chats/repository/db/chats.go:438.16,440.3 1 1
ProjectMessenger/internal/chats/repository/db/chats.go:443.84,446.16 3 1
ProjectMessenger/internal/chats/repository/db/chats.go:446.16,453.3 2 1
ProjectMessenger/internal/chats/repository/db/chats.go:456.108,459.16 3 1
ProjectMessenger/internal/chats/repository/db/chats.go:459.16,466.3 2 1
