mode: set
ProjectMessenger/internal/chats/repository/db/chats.go:19.41,23.2 1 1
ProjectMessenger/internal/chats/repository/db/chats.go:25.88,29.16 4 1
ProjectMessenger/internal/chats/repository/db/chats.go:29.16,30.36 1 1
ProjectMessenger/internal/chats/repository/db/chats.go:30.36,33.4 2 1
ProjectMessenger/internal/chats/repository/db/chats.go:34.3,41.53 3 1
ProjectMessenger/internal/chats/repository/db/chats.go:43.2,47.18 5 1
ProjectMessenger/internal/chats/repository/db/chats.go:50.122,53.16 3 1
ProjectMessenger/internal/chats/repository/db/chats.go:53.16,62.3 4 1
ProjectMessenger/internal/chats/repository/db/chats.go:63.2,63.18 1 0
ProjectMessenger/internal/chats/repository/db/chats.go:63.18,65.43 2 0
ProjectMessenger/internal/chats/repository/db/chats.go:65.43,73.4 3 0
ProjectMessenger/internal/chats/repository/db/chats.go:74.3,75.17 2 0
ProjectMessenger/internal/chats/repository/db/chats.go:75.17,83.4 3 0
ProjectMessenger/internal/chats/repository/db/chats.go:84.3,84.23 1 0
ProjectMessenger/internal/chats/repository/db/chats.go:84.23,86.4 1 0
ProjectMessenger/internal/chats/repository/db/chats.go:88.2,88.22 1 0
ProjectMessenger/internal/chats/repository/db/chats.go:91.117,96.22 5 0
ProjectMessenger/internal/chats/repository/db/chats.go:96.22,104.3 3 0
ProjectMessenger/internal/chats/repository/db/chats.go:104.8,104.30 1 0
ProjectMessenger/internal/chats/repository/db/chats.go:104.30,106.3 1 0
ProjectMessenger/internal/chats/repository/db/chats.go:106.8,110.3 3 0
ProjectMessenger/internal/chats/repository/db/chats.go:111.2,113.16 2 0
ProjectMessenger/internal/chats/repository/db/chats.go:113.16,121.3 3 0
ProjectMessenger/internal/chats/repository/db/chats.go:123.2,124.25 2 0
ProjectMessenger/internal/chats/repository/db/chats.go:124.25,126.17 2 0
ProjectMessenger/internal/chats/repository/db/chats.go:126.17,134.4 3 0
ProjectMessenger/internal/chats/repository/db/chats.go:136.2,136.20 1 0
ProjectMessenger/internal/chats/repository/db/chats.go:139.91,143.16 4 0
ProjectMessenger/internal/chats/repository/db/chats.go:143.16,146.3 2 0
ProjectMessenger/internal/chats/repository/db/chats.go:148.2,150.16 3 0
ProjectMessenger/internal/chats/repository/db/chats.go:150.16,153.3 2 0
ProjectMessenger/internal/chats/repository/db/chats.go:155.2,157.16 3 0
ProjectMessenger/internal/chats/repository/db/chats.go:157.16,160.3 2 0
ProjectMessenger/internal/chats/repository/db/chats.go:161.2,162.16 2 0
ProjectMessenger/internal/chats/repository/db/chats.go:162.16,165.3 2 0
ProjectMessenger/internal/chats/repository/db/chats.go:167.2,167.16 1 0
ProjectMessenger/internal/chats/repository/db/chats.go:167.16,169.3 1 0
ProjectMessenger/internal/chats/repository/db/chats.go:169.8,169.23 1 0
ProjectMessenger/internal/chats/repository/db/chats.go:169.23,171.3 1 0
ProjectMessenger/internal/chats/repository/db/chats.go:171.8,174.3 2 0
ProjectMessenger/internal/chats/repository/db/chats.go:177.81,180.16 3 0
ProjectMessenger/internal/chats/repository/db/chats.go:180.16,188.3 3 0
ProjectMessenger/internal/chats/repository/db/chats.go:189.2,191.18 2 0
ProjectMessenger/internal/chats/repository/db/chats.go:191.18,193.165 2 0
ProjectMessenger/internal/chats/repository/db/chats.go:193.165,201.4 3 0
ProjectMessenger/internal/chats/repository/db/chats.go:202.3,204.30 3 0
ProjectMessenger/internal/chats/repository/db/chats.go:206.2,206.34 1 0
ProjectMessenger/internal/chats/repository/db/chats.go:206.34,214.3 3 0
ProjectMessenger/internal/chats/repository/db/chats.go:216.2,216.14 1 0
ProjectMessenger/internal/chats/repository/db/chats.go:219.91,222.16 3 1
ProjectMessenger/internal/chats/repository/db/chats.go:222.16,230.3 3 1
ProjectMessenger/internal/chats/repository/db/chats.go:231.2,233.18 2 0
ProjectMessenger/internal/chats/repository/db/chats.go:233.18,235.70 2 0
ProjectMessenger/internal/chats/repository/db/chats.go:235.70,243.4 3 0
ProjectMessenger/internal/chats/repository/db/chats.go:244.3,244.43 1 0
ProjectMessenger/internal/chats/repository/db/chats.go:246.2,246.18 1 0
ProjectMessenger/internal/chats/repository/db/chats.go:249.89,253.16 3 1
ProjectMessenger/internal/chats/repository/db/chats.go:253.16,261.3 3 1
ProjectMessenger/internal/chats/repository/db/chats.go:262.2,264.18 2 0
ProjectMessenger/internal/chats/repository/db/chats.go:264.18,266.142 2 0
ProjectMessenger/internal/chats/repository/db/chats.go:266.142,274.4 3 0
ProjectMessenger/internal/chats/repository/db/chats.go:275.3,275.51 1 0
ProjectMessenger/internal/chats/repository/db/chats.go:277.2,277.34 1 0
ProjectMessenger/internal/chats/repository/db/chats.go:277.34,285.3 3 0
ProjectMessenger/internal/chats/repository/db/chats.go:286.2,286.50 1 0
ProjectMessenger/internal/chats/repository/db/chats.go:286.50,288.3 1 0
ProjectMessenger/internal/chats/repository/db/chats.go:289.2,289.24 1 0
ProjectMessenger/internal/chats/repository/db/chats.go:292.89,297.16 5 0
ProjectMessenger/internal/chats/repository/db/chats.go:297.16,305.3 3 0
ProjectMessenger/internal/chats/repository/db/chats.go:306.2,306.13 1 0
ProjectMessenger/internal/chats/repository/db/chats.go:309.35,315.16 3 1
ProjectMessenger/internal/chats/repository/db/chats.go:315.16,322.3 2 1
ProjectMessenger/internal/chats/repository/db/chats.go:323.2,348.16 5 1
ProjectMessenger/internal/chats/repository/db/chats.go:348.16,355.3 2 1
ProjectMessenger/internal/chats/repository/db/chats.go:358.63,362.24 4 1
ProjectMessenger/internal/chats/repository/db/chats.go:362.24,380.3 13 1
ProjectMessenger/internal/chats/repository/db/chats.go:381.2,381.11 1 1
ProjectMessenger/internal/chats/repository/db/chats.go:384.36,386.16 2 1
ProjectMessenger/internal/chats/repository/db/chats.go:386.16,388.3 1 1
ProjectMessenger/internal/chats/repository/db/chats.go:391.84,394.16 3 1
ProjectMessenger/internal/chats/repository/db/chats.go:394.16,401.3 2 1
ProjectMessenger/internal/chats/repository/db/chats.go:404.108,407.16 3 1
ProjectMessenger/internal/chats/repository/db/chats.go:407.16,414.3 2 1
