mode: set
ProjectMessenger/internal/auth/repository/db/sessions.go:18.114,25.16 7 1
ProjectMessenger/internal/auth/repository/db/sessions.go:25.16,27.36 2 1
ProjectMessenger/internal/auth/repository/db/sessions.go:27.36,30.4 2 1
ProjectMessenger/internal/auth/repository/db/sessions.go:31.3,38.18 3 1
ProjectMessenger/internal/auth/repository/db/sessions.go:40.2,41.21 2 1
ProjectMessenger/internal/auth/repository/db/sessions.go:44.87,50.16 6 1
ProjectMessenger/internal/auth/repository/db/sessions.go:50.16,59.3 3 1
ProjectMessenger/internal/auth/repository/db/sessions.go:60.2,61.18 2 1
ProjectMessenger/internal/auth/repository/db/sessions.go:64.73,68.16 4 1
ProjectMessenger/internal/auth/repository/db/sessions.go:68.16,76.3 2 1
ProjectMessenger/internal/auth/repository/db/sessions.go:77.2,77.56 1 1
ProjectMessenger/internal/auth/repository/db/sessions.go:80.46,83.2 2 1
ProjectMessenger/internal/auth/repository/db/users.go:25.61,32.2 2 1
ProjectMessenger/internal/auth/repository/db/users.go:34.64,41.2 2 1
ProjectMessenger/internal/auth/repository/db/users.go:43.69,47.16 4 1
ProjectMessenger/internal/auth/repository/db/users.go:47.16,48.36 1 1
ProjectMessenger/internal/auth/repository/db/users.go:48.36,51.4 2 1
ProjectMessenger/internal/auth/repository/db/users.go:53.3,59.13 3 1
ProjectMessenger/internal/auth/repository/db/users.go:62.2,62.18 1 1
ProjectMessenger/internal/auth/repository/db/users.go:62.18,65.17 3 1
ProjectMessenger/internal/auth/repository/db/users.go:65.17,73.4 3 0
ProjectMessenger/internal/auth/repository/db/users.go:74.3,74.32 1 1
ProjectMessenger/internal/auth/repository/db/users.go:76.2,77.16 2 1
ProjectMessenger/internal/auth/repository/db/users.go:80.102,84.16 4 1
ProjectMessenger/internal/auth/repository/db/users.go:84.16,85.36 1 1
ProjectMessenger/internal/auth/repository/db/users.go:85.36,88.4 2 1
ProjectMessenger/internal/auth/repository/db/users.go:90.3,96.21 3 1
ProjectMessenger/internal/auth/repository/db/users.go:98.2,99.19 2 1
ProjectMessenger/internal/auth/repository/db/users.go:102.94,108.16 3 1
ProjectMessenger/internal/auth/repository/db/users.go:108.16,116.3 3 1
ProjectMessenger/internal/auth/repository/db/users.go:118.2,120.20 3 1
ProjectMessenger/internal/auth/repository/db/users.go:123.96,126.16 3 1
ProjectMessenger/internal/auth/repository/db/users.go:126.16,127.36 1 1
ProjectMessenger/internal/auth/repository/db/users.go:127.36,130.4 2 1
ProjectMessenger/internal/auth/repository/db/users.go:132.3,138.21 3 1
ProjectMessenger/internal/auth/repository/db/users.go:140.2,141.19 2 1
ProjectMessenger/internal/auth/repository/db/users.go:144.86,147.12 3 1
ProjectMessenger/internal/auth/repository/db/users.go:147.12,151.3 3 1
ProjectMessenger/internal/auth/repository/db/users.go:153.2,155.16 2 1
ProjectMessenger/internal/auth/repository/db/users.go:155.16,163.3 3 1
ProjectMessenger/internal/auth/repository/db/users.go:164.2,165.13 2 1
ProjectMessenger/internal/auth/repository/db/users.go:168.140,172.28 4 0
ProjectMessenger/internal/auth/repository/db/users.go:172.28,175.3 2 0
ProjectMessenger/internal/auth/repository/db/users.go:176.2,177.116 2 0
ProjectMessenger/internal/auth/repository/db/users.go:177.116,180.3 2 0
ProjectMessenger/internal/auth/repository/db/users.go:184.2,188.16 4 0
ProjectMessenger/internal/auth/repository/db/users.go:188.16,191.3 2 0
ProjectMessenger/internal/auth/repository/db/users.go:192.2,196.16 3 0
ProjectMessenger/internal/auth/repository/db/users.go:196.16,199.3 2 0
ProjectMessenger/internal/auth/repository/db/users.go:200.2,201.40 2 0
ProjectMessenger/internal/auth/repository/db/users.go:204.79,218.16 4 1
ProjectMessenger/internal/auth/repository/db/users.go:218.16,219.36 1 1
ProjectMessenger/internal/auth/repository/db/users.go:219.36,222.4 2 1
ProjectMessenger/internal/auth/repository/db/users.go:224.3,230.20 3 1
ProjectMessenger/internal/auth/repository/db/users.go:233.2,233.18 1 1
ProjectMessenger/internal/auth/repository/db/users.go:233.18,238.17 3 1
ProjectMessenger/internal/auth/repository/db/users.go:238.17,247.4 4 0
ProjectMessenger/internal/auth/repository/db/users.go:248.3,248.47 1 1
ProjectMessenger/internal/auth/repository/db/users.go:250.2,251.19 2 1
ProjectMessenger/internal/auth/repository/db/users.go:254.82,260.16 4 1
ProjectMessenger/internal/auth/repository/db/users.go:260.16,268.3 3 1
ProjectMessenger/internal/auth/repository/db/users.go:269.2,270.13 2 1
ProjectMessenger/internal/auth/repository/db/users.go:273.47,275.2 1 0
ProjectMessenger/internal/auth/repository/db/users.go:277.60,280.18 3 1
ProjectMessenger/internal/auth/repository/db/users.go:280.18,282.17 2 1
ProjectMessenger/internal/auth/repository/db/users.go:282.17,289.4 2 1
ProjectMessenger/internal/auth/repository/db/users.go:290.3,291.17 2 1
ProjectMessenger/internal/auth/repository/db/users.go:291.17,298.4 2 1
ProjectMessenger/internal/auth/repository/db/users.go:299.3,300.17 2 1
ProjectMessenger/internal/auth/repository/db/users.go:300.17,307.4 2 1
ProjectMessenger/internal/auth/repository/db/users.go:309.3,310.17 2 1
ProjectMessenger/internal/auth/repository/db/users.go:310.17,317.4 2 1
ProjectMessenger/internal/auth/repository/db/users.go:319.3,319.37 1 1
ProjectMessenger/internal/auth/repository/db/users.go:319.37,323.18 4 1
ProjectMessenger/internal/auth/repository/db/users.go:323.18,330.5 2 1
ProjectMessenger/internal/auth/repository/db/users.go:334.2,336.18 3 1
ProjectMessenger/internal/auth/repository/db/users.go:336.18,338.17 2 1
ProjectMessenger/internal/auth/repository/db/users.go:338.17,345.4 2 1
ProjectMessenger/internal/auth/repository/db/users.go:347.3,360.17 13 1
ProjectMessenger/internal/auth/repository/db/users.go:360.17,367.4 2 1
ProjectMessenger/internal/auth/repository/db/users.go:369.2,370.11 2 1
ProjectMessenger/internal/auth/repository/db/users.go:373.44,396.2 3 1
ProjectMessenger/internal/chats/repository/db/chats.go:19.41,23.2 1 1
ProjectMessenger/internal/chats/repository/db/chats.go:25.88,29.16 4 1
ProjectMessenger/internal/chats/repository/db/chats.go:29.16,30.36 1 1
ProjectMessenger/internal/chats/repository/db/chats.go:30.36,33.4 2 1
ProjectMessenger/internal/chats/repository/db/chats.go:34.3,41.53 3 1
ProjectMessenger/internal/chats/repository/db/chats.go:43.2,47.18 5 1
ProjectMessenger/internal/chats/repository/db/chats.go:50.122,53.16 3 0
ProjectMessenger/internal/chats/repository/db/chats.go:53.16,62.3 4 0
ProjectMessenger/internal/chats/repository/db/chats.go:63.2,63.18 1 0
ProjectMessenger/internal/chats/repository/db/chats.go:63.18,65.43 2 0
ProjectMessenger/internal/chats/repository/db/chats.go:65.43,73.4 3 0
ProjectMessenger/internal/chats/repository/db/chats.go:74.3,75.17 2 0
ProjectMessenger/internal/chats/repository/db/chats.go:75.17,83.4 3 0
ProjectMessenger/internal/chats/repository/db/chats.go:84.3,84.23 1 0
ProjectMessenger/internal/chats/repository/db/chats.go:84.23,86.4 1 0
ProjectMessenger/internal/chats/repository/db/chats.go:88.2,88.22 1 0
ProjectMessenger/internal/chats/repository/db/chats.go:91.117,97.22 6 1
ProjectMessenger/internal/chats/repository/db/chats.go:97.22,105.3 3 1
ProjectMessenger/internal/chats/repository/db/chats.go:105.8,105.30 1 1
ProjectMessenger/internal/chats/repository/db/chats.go:105.30,107.3 1 1
ProjectMessenger/internal/chats/repository/db/chats.go:107.8,111.3 3 1
ProjectMessenger/internal/chats/repository/db/chats.go:112.2,114.16 2 1
ProjectMessenger/internal/chats/repository/db/chats.go:114.16,122.3 3 1
ProjectMessenger/internal/chats/repository/db/chats.go:124.2,125.25 2 1
ProjectMessenger/internal/chats/repository/db/chats.go:125.25,127.17 2 1
ProjectMessenger/internal/chats/repository/db/chats.go:127.17,136.4 4 1
ProjectMessenger/internal/chats/repository/db/chats.go:138.2,138.20 1 1
ProjectMessenger/internal/chats/repository/db/chats.go:141.91,145.16 4 1
ProjectMessenger/internal/chats/repository/db/chats.go:145.16,148.3 2 1
ProjectMessenger/internal/chats/repository/db/chats.go:150.2,152.16 3 1
ProjectMessenger/internal/chats/repository/db/chats.go:152.16,155.3 2 1
ProjectMessenger/internal/chats/repository/db/chats.go:157.2,159.16 3 1
ProjectMessenger/internal/chats/repository/db/chats.go:159.16,162.3 2 1
ProjectMessenger/internal/chats/repository/db/chats.go:163.2,164.16 2 1
ProjectMessenger/internal/chats/repository/db/chats.go:164.16,167.3 2 0
ProjectMessenger/internal/chats/repository/db/chats.go:169.2,169.16 1 1
ProjectMessenger/internal/chats/repository/db/chats.go:169.16,171.3 1 0
ProjectMessenger/internal/chats/repository/db/chats.go:171.8,171.23 1 1
ProjectMessenger/internal/chats/repository/db/chats.go:171.23,173.3 1 1
ProjectMessenger/internal/chats/repository/db/chats.go:173.8,176.3 2 0
ProjectMessenger/internal/chats/repository/db/chats.go:179.81,182.16 3 1
ProjectMessenger/internal/chats/repository/db/chats.go:182.16,190.3 3 1
ProjectMessenger/internal/chats/repository/db/chats.go:191.2,193.18 2 1
ProjectMessenger/internal/chats/repository/db/chats.go:193.18,195.165 2 1
ProjectMessenger/internal/chats/repository/db/chats.go:195.165,203.4 3 0
ProjectMessenger/internal/chats/repository/db/chats.go:204.3,205.27 2 1
ProjectMessenger/internal/chats/repository/db/chats.go:205.27,207.4 1 1
ProjectMessenger/internal/chats/repository/db/chats.go:208.3,210.24 3 1
ProjectMessenger/internal/chats/repository/db/chats.go:210.24,212.4 1 1
ProjectMessenger/internal/chats/repository/db/chats.go:214.2,214.34 1 1
ProjectMessenger/internal/chats/repository/db/chats.go:214.34,222.3 3 0
ProjectMessenger/internal/chats/repository/db/chats.go:224.2,224.14 1 1
ProjectMessenger/internal/chats/repository/db/chats.go:227.91,230.16 3 1
ProjectMessenger/internal/chats/repository/db/chats.go:230.16,239.3 4 1
ProjectMessenger/internal/chats/repository/db/chats.go:240.2,242.18 2 1
ProjectMessenger/internal/chats/repository/db/chats.go:242.18,244.70 2 1
ProjectMessenger/internal/chats/repository/db/chats.go:244.70,252.4 3 0
ProjectMessenger/internal/chats/repository/db/chats.go:253.3,253.43 1 1
ProjectMessenger/internal/chats/repository/db/chats.go:255.2,255.18 1 1
ProjectMessenger/internal/chats/repository/db/chats.go:258.89,262.16 3 1
ProjectMessenger/internal/chats/repository/db/chats.go:262.16,271.3 4 1
ProjectMessenger/internal/chats/repository/db/chats.go:272.2,274.18 2 1
ProjectMessenger/internal/chats/repository/db/chats.go:274.18,276.142 2 1
ProjectMessenger/internal/chats/repository/db/chats.go:276.142,285.4 4 0
ProjectMessenger/internal/chats/repository/db/chats.go:286.3,286.51 1 1
ProjectMessenger/internal/chats/repository/db/chats.go:288.2,288.34 1 1
ProjectMessenger/internal/chats/repository/db/chats.go:288.34,296.3 3 0
ProjectMessenger/internal/chats/repository/db/chats.go:297.2,297.50 1 1
ProjectMessenger/internal/chats/repository/db/chats.go:297.50,299.3 1 1
ProjectMessenger/internal/chats/repository/db/chats.go:300.2,301.24 2 1
ProjectMessenger/internal/chats/repository/db/chats.go:304.89,309.16 5 1
ProjectMessenger/internal/chats/repository/db/chats.go:309.16,317.3 3 1
ProjectMessenger/internal/chats/repository/db/chats.go:318.2,318.13 1 1
ProjectMessenger/internal/chats/repository/db/chats.go:321.35,327.16 3 1
ProjectMessenger/internal/chats/repository/db/chats.go:327.16,334.3 2 1
ProjectMessenger/internal/chats/repository/db/chats.go:335.2,360.16 5 1
ProjectMessenger/internal/chats/repository/db/chats.go:360.16,367.3 2 1
ProjectMessenger/internal/chats/repository/db/chats.go:370.63,374.24 4 1
ProjectMessenger/internal/chats/repository/db/chats.go:374.24,392.3 13 1
ProjectMessenger/internal/chats/repository/db/chats.go:393.2,393.11 1 1
ProjectMessenger/internal/chats/repository/db/chats.go:396.36,398.16 2 1
ProjectMessenger/internal/chats/repository/db/chats.go:398.16,400.3 1 1
ProjectMessenger/internal/chats/repository/db/chats.go:403.84,406.16 3 1
ProjectMessenger/internal/chats/repository/db/chats.go:406.16,413.3 2 1
ProjectMessenger/internal/chats/repository/db/chats.go:416.108,419.16 3 1
ProjectMessenger/internal/chats/repository/db/chats.go:419.16,426.3 2 1
ProjectMessenger/internal/messages/repository/db/messages.go:16.46,18.2 1 1
ProjectMessenger/internal/messages/repository/db/messages.go:20.106,26.16 6 1
ProjectMessenger/internal/messages/repository/db/messages.go:26.16,30.3 3 0
ProjectMessenger/internal/messages/repository/db/messages.go:31.2,36.16 6 1
ProjectMessenger/internal/messages/repository/db/messages.go:36.16,40.3 3 0
ProjectMessenger/internal/messages/repository/db/messages.go:42.2,44.16 3 1
ProjectMessenger/internal/messages/repository/db/messages.go:47.98,51.16 3 0
ProjectMessenger/internal/messages/repository/db/messages.go:51.16,59.3 3 0
ProjectMessenger/internal/messages/repository/db/messages.go:60.2,62.18 2 0
ProjectMessenger/internal/messages/repository/db/messages.go:62.18,64.142 2 0
ProjectMessenger/internal/messages/repository/db/messages.go:64.142,72.4 3 0
ProjectMessenger/internal/messages/repository/db/messages.go:73.3,73.50 1 0
ProjectMessenger/internal/messages/repository/db/messages.go:75.2,75.34 1 0
ProjectMessenger/internal/messages/repository/db/messages.go:75.34,83.3 3 0
ProjectMessenger/internal/messages/repository/db/messages.go:84.2,84.24 1 0
ProjectMessenger/internal/messages/repository/db/websocket.go:23.42,28.2 1 0
ProjectMessenger/internal/messages/repository/db/websocket.go:30.45,32.43 1 0
ProjectMessenger/internal/messages/repository/db/websocket.go:32.43,34.4 1 0
ProjectMessenger/internal/messages/repository/db/websocket.go:36.2,36.17 1 0
ProjectMessenger/internal/messages/repository/db/websocket.go:39.74,41.23 2 0
ProjectMessenger/internal/messages/repository/db/websocket.go:41.23,43.3 1 0
ProjectMessenger/internal/messages/repository/db/websocket.go:44.2,44.64 1 0
ProjectMessenger/internal/messages/repository/db/websocket.go:47.113,55.2 7 0
ProjectMessenger/internal/messages/repository/db/websocket.go:57.51,61.2 3 0
ProjectMessenger/internal/messages/repository/db/websocket.go:63.64,68.2 4 0
