mode: set
ProjectMessenger/internal/translate/delivery/translate_delivery.go:28.33,33.16 5 1
ProjectMessenger/internal/translate/delivery/translate_delivery.go:33.16,35.13 2 0
ProjectMessenger/internal/translate/delivery/translate_delivery.go:37.2,42.16 5 1
ProjectMessenger/internal/translate/delivery/translate_delivery.go:42.16,43.13 1 0
ProjectMessenger/internal/translate/delivery/translate_delivery.go:45.2,45.12 1 1
ProjectMessenger/internal/translate/delivery/translate_delivery.go:48.99,64.2 10 1
ProjectMessenger/internal/translate/delivery/translate_delivery.go:66.86,69.17 3 1
ProjectMessenger/internal/translate/delivery/translate_delivery.go:69.17,78.3 4 1
ProjectMessenger/internal/translate/delivery/translate_delivery.go:79.2,81.16 3 1
ProjectMessenger/internal/translate/delivery/translate_delivery.go:81.16,88.3 2 0
ProjectMessenger/internal/translate/delivery/translate_delivery.go:89.2,90.16 2 1
ProjectMessenger/internal/translate/delivery/translate_delivery.go:90.16,97.3 2 1
ProjectMessenger/internal/translate/delivery/translate_delivery.go:98.2,101.45 4 1
ProjectMessenger/internal/translate/repository/db/translate.go:21.100,23.16 2 1
ProjectMessenger/internal/translate/repository/db/translate.go:23.16,30.3 2 0
ProjectMessenger/internal/translate/repository/db/translate.go:31.2,33.16 3 1
ProjectMessenger/internal/translate/repository/db/translate.go:33.16,40.3 2 0
ProjectMessenger/internal/translate/repository/db/translate.go:41.2,44.16 4 1
ProjectMessenger/internal/translate/repository/db/translate.go:44.16,51.3 2 0
ProjectMessenger/internal/translate/repository/db/translate.go:52.2,54.16 3 1
ProjectMessenger/internal/translate/repository/db/translate.go:54.16,61.3 2 0
ProjectMessenger/internal/translate/repository/db/translate.go:62.2,63.17 2 1
ProjectMessenger/internal/translate/repository/db/translate.go:66.86,68.16 2 1
ProjectMessenger/internal/translate/repository/db/translate.go:68.16,75.3 2 0
ProjectMessenger/internal/translate/repository/db/translate.go:76.2,76.17 1 1
ProjectMessenger/internal/translate/repository/db/translate.go:79.42,81.2 1 1
ProjectMessenger/internal/translate/repository/db/translate.go:83.89,89.2 2 1
ProjectMessenger/internal/translate/repository/db/translate.go:91.109,93.16 2 1
ProjectMessenger/internal/translate/repository/db/translate.go:93.16,100.3 2 0
ProjectMessenger/internal/translate/repository/db/translate.go:101.2,101.21 1 1
ProjectMessenger/internal/translate/usecase/translate_usecase.go:18.110,21.2 2 1
ProjectMessenger/internal/translate/usecase/translate_usecase.go:23.113,26.2 2 1
