mode: set
ProjectMessenger/internal/auth/delivery/auth_delivery.go:29.71,35.2 2 0
ProjectMessenger/internal/auth/delivery/auth_delivery.go:37.74,43.2 2 1
ProjectMessenger/internal/auth/delivery/auth_delivery.go:57.79,60.39 3 1
ProjectMessenger/internal/auth/delivery/auth_delivery.go:60.39,62.20 2 1
ProjectMessenger/internal/auth/delivery/auth_delivery.go:62.20,65.4 2 0
ProjectMessenger/internal/auth/delivery/auth_delivery.go:67.2,67.33 1 1
ProjectMessenger/internal/auth/delivery/auth_delivery.go:67.33,70.3 2 0
ProjectMessenger/internal/auth/delivery/auth_delivery.go:71.2,72.14 2 1
ProjectMessenger/internal/auth/delivery/auth_delivery.go:72.14,74.38 2 1
ProjectMessenger/internal/auth/delivery/auth_delivery.go:74.38,78.4 3 1
ProjectMessenger/internal/auth/delivery/auth_delivery.go:80.2,83.16 4 1
ProjectMessenger/internal/auth/delivery/auth_delivery.go:83.16,85.3 1 0
ProjectMessenger/internal/auth/delivery/auth_delivery.go:87.2,89.16 3 1
ProjectMessenger/internal/auth/delivery/auth_delivery.go:89.16,92.3 2 0
ProjectMessenger/internal/auth/delivery/auth_delivery.go:94.2,102.40 3 1
ProjectMessenger/internal/auth/delivery/auth_delivery.go:114.80,117.38 3 1
ProjectMessenger/internal/auth/delivery/auth_delivery.go:117.38,120.3 2 0
ProjectMessenger/internal/auth/delivery/auth_delivery.go:121.2,122.20 2 1
ProjectMessenger/internal/auth/delivery/auth_delivery.go:122.20,125.3 2 0
ProjectMessenger/internal/auth/delivery/auth_delivery.go:127.2,131.40 4 1
ProjectMessenger/internal/auth/delivery/auth_delivery.go:146.82,149.33 3 0
ProjectMessenger/internal/auth/delivery/auth_delivery.go:149.33,152.3 2 0
ProjectMessenger/internal/auth/delivery/auth_delivery.go:153.2,154.14 2 0
ProjectMessenger/internal/auth/delivery/auth_delivery.go:154.14,156.38 2 0
ProjectMessenger/internal/auth/delivery/auth_delivery.go:156.38,160.4 3 0
ProjectMessenger/internal/auth/delivery/auth_delivery.go:163.2,166.16 4 0
ProjectMessenger/internal/auth/delivery/auth_delivery.go:166.16,168.3 1 0
ProjectMessenger/internal/auth/delivery/auth_delivery.go:170.2,171.16 2 0
ProjectMessenger/internal/auth/delivery/auth_delivery.go:171.16,174.3 2 0
ProjectMessenger/internal/auth/delivery/auth_delivery.go:176.2,177.9 2 0
ProjectMessenger/internal/auth/delivery/auth_delivery.go:177.9,179.3 1 0
ProjectMessenger/internal/auth/delivery/auth_delivery.go:181.2,187.40 3 0
ProjectMessenger/internal/auth/delivery/auth_delivery.go:199.83,203.34 4 0
ProjectMessenger/internal/auth/delivery/auth_delivery.go:203.34,205.3 1 0
ProjectMessenger/internal/auth/delivery/auth_delivery.go:206.2,206.16 1 0
ProjectMessenger/internal/auth/delivery/auth_delivery.go:206.16,208.3 1 0
ProjectMessenger/internal/auth/delivery/auth_delivery.go:208.8,210.3 1 0
ProjectMessenger/internal/auth/delivery/auth_delivery.go:213.120,217.34 4 0
ProjectMessenger/internal/auth/delivery/auth_delivery.go:217.34,219.3 1 0
ProjectMessenger/internal/auth/delivery/auth_delivery.go:220.2,220.17 1 0
ProjectMessenger/internal/auth/delivery/auth_delivery.go:220.17,222.3 1 0
ProjectMessenger/internal/auth/delivery/auth_delivery.go:223.2,223.27 1 0
ProjectMessenger/internal/auth/repository/db/sessions.go:18.114,25.16 7 1
ProjectMessenger/internal/auth/repository/db/sessions.go:25.16,26.36 1 1
ProjectMessenger/internal/auth/repository/db/sessions.go:26.36,29.4 2 1
ProjectMessenger/internal/auth/repository/db/sessions.go:30.3,37.18 3 1
ProjectMessenger/internal/auth/repository/db/sessions.go:39.2,41.21 3 1
ProjectMessenger/internal/auth/repository/db/sessions.go:44.87,50.16 5 1
ProjectMessenger/internal/auth/repository/db/sessions.go:50.16,59.3 3 1
ProjectMessenger/internal/auth/repository/db/sessions.go:60.2,61.18 2 1
ProjectMessenger/internal/auth/repository/db/sessions.go:64.73,68.16 4 1
ProjectMessenger/internal/auth/repository/db/sessions.go:68.16,76.3 2 1
ProjectMessenger/internal/auth/repository/db/sessions.go:77.2,77.56 1 1
ProjectMessenger/internal/auth/repository/db/sessions.go:80.46,83.2 2 1
ProjectMessenger/internal/auth/repository/db/users.go:25.61,32.2 2 1
ProjectMessenger/internal/auth/repository/db/users.go:34.64,41.2 2 1
ProjectMessenger/internal/auth/repository/db/users.go:43.69,47.16 4 1
ProjectMessenger/internal/auth/repository/db/users.go:47.16,48.36 1 1
ProjectMessenger/internal/auth/repository/db/users.go:48.36,51.4 2 1
ProjectMessenger/internal/auth/repository/db/users.go:53.3,59.13 3 1
ProjectMessenger/internal/auth/repository/db/users.go:62.2,62.18 1 1
ProjectMessenger/internal/auth/repository/db/users.go:62.18,65.17 3 1
ProjectMessenger/internal/auth/repository/db/users.go:65.17,73.4 3 0
ProjectMessenger/internal/auth/repository/db/users.go:74.3,74.32 1 1
ProjectMessenger/internal/auth/repository/db/users.go:76.2,77.16 2 1
ProjectMessenger/internal/auth/repository/db/users.go:80.102,84.16 4 1
ProjectMessenger/internal/auth/repository/db/users.go:84.16,85.36 1 1
ProjectMessenger/internal/auth/repository/db/users.go:85.36,88.4 2 1
ProjectMessenger/internal/auth/repository/db/users.go:90.3,96.21 3 1
ProjectMessenger/internal/auth/repository/db/users.go:98.2,99.19 2 1
ProjectMessenger/internal/auth/repository/db/users.go:102.94,108.16 3 1
ProjectMessenger/internal/auth/repository/db/users.go:108.16,116.3 3 1
ProjectMessenger/internal/auth/repository/db/users.go:118.2,120.20 3 1
ProjectMessenger/internal/auth/repository/db/users.go:123.96,126.16 3 1
ProjectMessenger/internal/auth/repository/db/users.go:126.16,127.36 1 1
ProjectMessenger/internal/auth/repository/db/users.go:127.36,130.4 2 1
ProjectMessenger/internal/auth/repository/db/users.go:132.3,138.21 3 1
ProjectMessenger/internal/auth/repository/db/users.go:140.2,141.19 2 1
ProjectMessenger/internal/auth/repository/db/users.go:144.86,147.12 3 1
ProjectMessenger/internal/auth/repository/db/users.go:147.12,151.3 3 1
ProjectMessenger/internal/auth/repository/db/users.go:153.2,155.16 2 1
ProjectMessenger/internal/auth/repository/db/users.go:155.16,163.3 3 1
ProjectMessenger/internal/auth/repository/db/users.go:164.2,165.13 2 1
ProjectMessenger/internal/auth/repository/db/users.go:168.140,172.28 4 0
ProjectMessenger/internal/auth/repository/db/users.go:172.28,175.3 2 0
ProjectMessenger/internal/auth/repository/db/users.go:176.2,177.116 2 0
ProjectMessenger/internal/auth/repository/db/users.go:177.116,180.3 2 0
ProjectMessenger/internal/auth/repository/db/users.go:184.2,188.16 4 0
ProjectMessenger/internal/auth/repository/db/users.go:188.16,191.3 2 0
ProjectMessenger/internal/auth/repository/db/users.go:192.2,196.16 3 0
ProjectMessenger/internal/auth/repository/db/users.go:196.16,199.3 2 0
ProjectMessenger/internal/auth/repository/db/users.go:200.2,201.40 2 0
ProjectMessenger/internal/auth/repository/db/users.go:204.79,218.16 4 1
ProjectMessenger/internal/auth/repository/db/users.go:218.16,219.36 1 1
ProjectMessenger/internal/auth/repository/db/users.go:219.36,222.4 2 1
ProjectMessenger/internal/auth/repository/db/users.go:224.3,230.20 3 1
ProjectMessenger/internal/auth/repository/db/users.go:233.2,233.18 1 1
ProjectMessenger/internal/auth/repository/db/users.go:233.18,238.17 3 1
ProjectMessenger/internal/auth/repository/db/users.go:238.17,247.4 4 0
ProjectMessenger/internal/auth/repository/db/users.go:248.3,248.47 1 1
ProjectMessenger/internal/auth/repository/db/users.go:250.2,251.19 2 1
ProjectMessenger/internal/auth/repository/db/users.go:254.82,260.16 4 1
ProjectMessenger/internal/auth/repository/db/users.go:260.16,268.3 3 1
ProjectMessenger/internal/auth/repository/db/users.go:269.2,270.13 2 1
ProjectMessenger/internal/auth/repository/db/users.go:273.47,275.2 1 0
ProjectMessenger/internal/auth/repository/db/users.go:277.60,280.18 3 1
ProjectMessenger/internal/auth/repository/db/users.go:280.18,282.17 2 1
ProjectMessenger/internal/auth/repository/db/users.go:282.17,289.4 2 1
ProjectMessenger/internal/auth/repository/db/users.go:290.3,291.17 2 1
ProjectMessenger/internal/auth/repository/db/users.go:291.17,298.4 2 1
ProjectMessenger/internal/auth/repository/db/users.go:299.3,300.17 2 1
ProjectMessenger/internal/auth/repository/db/users.go:300.17,307.4 2 1
ProjectMessenger/internal/auth/repository/db/users.go:309.3,310.17 2 1
ProjectMessenger/internal/auth/repository/db/users.go:310.17,317.4 2 1
ProjectMessenger/internal/auth/repository/db/users.go:319.3,319.37 1 1
ProjectMessenger/internal/auth/repository/db/users.go:319.37,323.18 4 1
ProjectMessenger/internal/auth/repository/db/users.go:323.18,330.5 2 1
ProjectMessenger/internal/auth/repository/db/users.go:334.2,336.18 3 1
ProjectMessenger/internal/auth/repository/db/users.go:336.18,338.17 2 1
ProjectMessenger/internal/auth/repository/db/users.go:338.17,345.4 2 1
ProjectMessenger/internal/auth/repository/db/users.go:347.3,360.17 13 1
ProjectMessenger/internal/auth/repository/db/users.go:360.17,367.4 2 1
ProjectMessenger/internal/auth/repository/db/users.go:369.2,370.11 2 1
ProjectMessenger/internal/auth/repository/db/users.go:373.44,396.2 3 1
ProjectMessenger/internal/auth/usecase/auth_usecase.go:32.114,35.2 2 1
ProjectMessenger/internal/auth/usecase/auth_usecase.go:37.97,40.2 2 1
ProjectMessenger/internal/auth/usecase/auth_usecase.go:42.163,43.48 1 0
ProjectMessenger/internal/auth/usecase/auth_usecase.go:43.48,51.3 3 0
ProjectMessenger/internal/auth/usecase/auth_usecase.go:52.2,53.38 2 0
ProjectMessenger/internal/auth/usecase/auth_usecase.go:53.38,55.3 1 0
ProjectMessenger/internal/auth/usecase/auth_usecase.go:56.2,56.15 1 0
ProjectMessenger/internal/auth/usecase/auth_usecase.go:56.15,64.3 3 0
ProjectMessenger/internal/auth/usecase/auth_usecase.go:66.2,73.16 7 0
ProjectMessenger/internal/auth/usecase/auth_usecase.go:73.16,81.3 3 0
ProjectMessenger/internal/auth/usecase/auth_usecase.go:82.2,85.31 3 0
ProjectMessenger/internal/auth/usecase/auth_usecase.go:88.139,89.25 1 1
ProjectMessenger/internal/auth/usecase/auth_usecase.go:89.25,91.3 1 0
ProjectMessenger/internal/auth/usecase/auth_usecase.go:92.2,93.16 2 1
ProjectMessenger/internal/auth/usecase/auth_usecase.go:93.16,101.3 3 0
ProjectMessenger/internal/auth/usecase/auth_usecase.go:102.2,104.54 3 1
ProjectMessenger/internal/auth/usecase/auth_usecase.go:104.54,112.3 3 0
ProjectMessenger/internal/auth/usecase/auth_usecase.go:113.2,114.23 2 1
ProjectMessenger/internal/auth/usecase/auth_usecase.go:117.85,120.2 2 1
ProjectMessenger/internal/auth/usecase/auth_usecase.go:122.50,123.31 1 0
ProjectMessenger/internal/auth/usecase/auth_usecase.go:123.31,125.3 1 0
ProjectMessenger/internal/auth/usecase/auth_usecase.go:127.2,135.44 6 0
ProjectMessenger/internal/auth/usecase/auth_usecase.go:135.44,137.3 1 0
ProjectMessenger/internal/auth/usecase/auth_usecase.go:139.2,139.13 1 0
