mode: set
ProjectMessenger/internal/profile/delivery/profile_delivery.go:34.79,36.2 1 1
ProjectMessenger/internal/profile/delivery/profile_delivery.go:63.81,66.17 3 1
ProjectMessenger/internal/profile/delivery/profile_delivery.go:66.17,68.3 1 0
ProjectMessenger/internal/profile/delivery/profile_delivery.go:69.2,70.12 2 1
ProjectMessenger/internal/profile/delivery/profile_delivery.go:70.12,73.3 2 0
ProjectMessenger/internal/profile/delivery/profile_delivery.go:74.2,77.60 3 1
ProjectMessenger/internal/profile/delivery/profile_delivery.go:91.84,94.17 3 1
ProjectMessenger/internal/profile/delivery/profile_delivery.go:94.17,96.3 1 0
ProjectMessenger/internal/profile/delivery/profile_delivery.go:97.2,97.33 1 1
ProjectMessenger/internal/profile/delivery/profile_delivery.go:97.33,100.3 2 1
ProjectMessenger/internal/profile/delivery/profile_delivery.go:101.2,105.16 5 1
ProjectMessenger/internal/profile/delivery/profile_delivery.go:105.16,108.3 2 1
ProjectMessenger/internal/profile/delivery/profile_delivery.go:109.2,109.38 1 1
ProjectMessenger/internal/profile/delivery/profile_delivery.go:109.38,112.3 2 1
ProjectMessenger/internal/profile/delivery/profile_delivery.go:113.2,115.16 3 1
ProjectMessenger/internal/profile/delivery/profile_delivery.go:115.16,118.3 2 0
ProjectMessenger/internal/profile/delivery/profile_delivery.go:119.2,119.40 1 1
ProjectMessenger/internal/profile/delivery/profile_delivery.go:134.81,137.17 3 1
ProjectMessenger/internal/profile/delivery/profile_delivery.go:137.17,139.3 1 0
ProjectMessenger/internal/profile/delivery/profile_delivery.go:140.2,140.33 1 1
ProjectMessenger/internal/profile/delivery/profile_delivery.go:140.33,143.3 2 1
ProjectMessenger/internal/profile/delivery/profile_delivery.go:145.2,148.16 4 1
ProjectMessenger/internal/profile/delivery/profile_delivery.go:148.16,151.3 2 1
ProjectMessenger/internal/profile/delivery/profile_delivery.go:152.2,152.72 1 1
ProjectMessenger/internal/profile/delivery/profile_delivery.go:152.72,155.3 2 1
ProjectMessenger/internal/profile/delivery/profile_delivery.go:157.2,158.16 2 1
ProjectMessenger/internal/profile/delivery/profile_delivery.go:158.16,161.3 2 0
ProjectMessenger/internal/profile/delivery/profile_delivery.go:162.2,162.40 1 1
ProjectMessenger/internal/profile/delivery/profile_delivery.go:176.79,179.17 3 0
ProjectMessenger/internal/profile/delivery/profile_delivery.go:179.17,181.3 1 0
ProjectMessenger/internal/profile/delivery/profile_delivery.go:182.2,182.33 1 0
ProjectMessenger/internal/profile/delivery/profile_delivery.go:182.33,185.3 2 0
ProjectMessenger/internal/profile/delivery/profile_delivery.go:186.2,188.16 3 0
ProjectMessenger/internal/profile/delivery/profile_delivery.go:188.16,191.3 2 0
ProjectMessenger/internal/profile/delivery/profile_delivery.go:194.2,195.16 2 0
ProjectMessenger/internal/profile/delivery/profile_delivery.go:195.16,198.3 2 0
ProjectMessenger/internal/profile/delivery/profile_delivery.go:199.2,202.16 3 0
ProjectMessenger/internal/profile/delivery/profile_delivery.go:202.16,203.38 1 0
ProjectMessenger/internal/profile/delivery/profile_delivery.go:203.38,205.4 1 0
ProjectMessenger/internal/profile/delivery/profile_delivery.go:205.9,207.4 1 0
ProjectMessenger/internal/profile/delivery/profile_delivery.go:208.3,208.9 1 0
ProjectMessenger/internal/profile/delivery/profile_delivery.go:211.2,211.40 1 0
ProjectMessenger/internal/profile/delivery/profile_delivery.go:223.78,226.17 3 1
ProjectMessenger/internal/profile/delivery/profile_delivery.go:226.17,228.3 1 0
ProjectMessenger/internal/profile/delivery/profile_delivery.go:229.2,230.72 2 1
ProjectMessenger/internal/profile/delivery/profile_delivery.go:244.77,247.17 3 1
ProjectMessenger/internal/profile/delivery/profile_delivery.go:247.17,249.3 1 0
ProjectMessenger/internal/profile/delivery/profile_delivery.go:251.2,254.16 4 1
ProjectMessenger/internal/profile/delivery/profile_delivery.go:254.16,257.3 2 0
ProjectMessenger/internal/profile/delivery/profile_delivery.go:258.2,259.16 2 1
ProjectMessenger/internal/profile/delivery/profile_delivery.go:259.16,260.38 1 1
ProjectMessenger/internal/profile/delivery/profile_delivery.go:260.38,262.4 1 0
ProjectMessenger/internal/profile/delivery/profile_delivery.go:262.9,265.4 2 1
ProjectMessenger/internal/profile/delivery/profile_delivery.go:267.2,267.40 1 1
ProjectMessenger/internal/profile/usecase/profile_usecase.go:20.123,23.2 2 1
ProjectMessenger/internal/profile/usecase/profile_usecase.go:25.158,27.12 2 1
ProjectMessenger/internal/profile/usecase/profile_usecase.go:27.12,29.3 1 0
ProjectMessenger/internal/profile/usecase/profile_usecase.go:30.2,32.34 3 1
ProjectMessenger/internal/profile/usecase/profile_usecase.go:32.34,35.3 2 1
ProjectMessenger/internal/profile/usecase/profile_usecase.go:36.2,36.31 1 1
ProjectMessenger/internal/profile/usecase/profile_usecase.go:36.31,39.3 2 1
ProjectMessenger/internal/profile/usecase/profile_usecase.go:40.2,40.30 1 1
ProjectMessenger/internal/profile/usecase/profile_usecase.go:40.30,43.3 2 0
ProjectMessenger/internal/profile/usecase/profile_usecase.go:44.2,44.33 1 1
ProjectMessenger/internal/profile/usecase/profile_usecase.go:44.33,47.3 2 0
ProjectMessenger/internal/profile/usecase/profile_usecase.go:48.2,48.31 1 1
ProjectMessenger/internal/profile/usecase/profile_usecase.go:48.31,51.3 2 0
ProjectMessenger/internal/profile/usecase/profile_usecase.go:53.2,53.47 1 1
ProjectMessenger/internal/profile/usecase/profile_usecase.go:53.47,55.3 1 0
ProjectMessenger/internal/profile/usecase/profile_usecase.go:57.2,58.9 2 1
ProjectMessenger/internal/profile/usecase/profile_usecase.go:58.9,60.3 1 0
ProjectMessenger/internal/profile/usecase/profile_usecase.go:61.2,61.12 1 1
ProjectMessenger/internal/profile/usecase/profile_usecase.go:64.142,66.12 2 1
ProjectMessenger/internal/profile/usecase/profile_usecase.go:66.12,68.3 1 0
ProjectMessenger/internal/profile/usecase/profile_usecase.go:69.2,69.48 1 1
ProjectMessenger/internal/profile/usecase/profile_usecase.go:69.48,71.3 1 0
ProjectMessenger/internal/profile/usecase/profile_usecase.go:72.2,74.44 3 1
ProjectMessenger/internal/profile/usecase/profile_usecase.go:74.44,76.3 1 0
ProjectMessenger/internal/profile/usecase/profile_usecase.go:78.2,83.9 5 1
ProjectMessenger/internal/profile/usecase/profile_usecase.go:83.9,85.3 1 0
ProjectMessenger/internal/profile/usecase/profile_usecase.go:86.2,86.12 1 1
ProjectMessenger/internal/profile/usecase/profile_usecase.go:89.165,91.51 2 0
ProjectMessenger/internal/profile/usecase/profile_usecase.go:91.51,93.3 1 0
ProjectMessenger/internal/profile/usecase/profile_usecase.go:94.2,95.29 2 0
ProjectMessenger/internal/profile/usecase/profile_usecase.go:95.29,97.3 1 0
ProjectMessenger/internal/profile/usecase/profile_usecase.go:98.2,99.114 2 0
ProjectMessenger/internal/profile/usecase/profile_usecase.go:99.114,101.3 1 0
ProjectMessenger/internal/profile/usecase/profile_usecase.go:103.2,104.12 2 0
ProjectMessenger/internal/profile/usecase/profile_usecase.go:104.12,106.3 1 0
ProjectMessenger/internal/profile/usecase/profile_usecase.go:107.2,108.70 2 0
ProjectMessenger/internal/profile/usecase/profile_usecase.go:108.70,110.3 1 0
ProjectMessenger/internal/profile/usecase/profile_usecase.go:112.2,113.16 2 0
ProjectMessenger/internal/profile/usecase/profile_usecase.go:113.16,115.3 1 0
ProjectMessenger/internal/profile/usecase/profile_usecase.go:116.2,118.9 3 0
ProjectMessenger/internal/profile/usecase/profile_usecase.go:118.9,120.3 1 0
ProjectMessenger/internal/profile/usecase/profile_usecase.go:122.2,122.29 1 0
ProjectMessenger/internal/profile/usecase/profile_usecase.go:122.29,124.17 2 0
ProjectMessenger/internal/profile/usecase/profile_usecase.go:124.17,126.4 1 0
ProjectMessenger/internal/profile/usecase/profile_usecase.go:128.2,128.12 1 0
ProjectMessenger/internal/profile/usecase/profile_usecase.go:131.103,134.2 2 1
ProjectMessenger/internal/profile/usecase/profile_usecase.go:136.136,138.12 2 1
ProjectMessenger/internal/profile/usecase/profile_usecase.go:138.12,145.3 2 1
ProjectMessenger/internal/profile/usecase/profile_usecase.go:146.2,147.26 2 1
ProjectMessenger/internal/profile/usecase/profile_usecase.go:147.26,148.44 1 1
ProjectMessenger/internal/profile/usecase/profile_usecase.go:148.44,150.4 1 0
ProjectMessenger/internal/profile/usecase/profile_usecase.go:153.2,154.9 2 1
ProjectMessenger/internal/profile/usecase/profile_usecase.go:154.9,156.3 1 0
ProjectMessenger/internal/profile/usecase/profile_usecase.go:157.2,157.12 1 1
ProjectMessenger/internal/profile/usecase/profile_usecase.go:160.108,162.20 2 0
ProjectMessenger/internal/profile/usecase/profile_usecase.go:162.20,164.3 1 0
ProjectMessenger/internal/profile/usecase/profile_usecase.go:165.2,165.25 1 0
ProjectMessenger/internal/profile/usecase/profile_usecase.go:165.25,166.33 1 0
ProjectMessenger/internal/profile/usecase/profile_usecase.go:166.33,167.12 1 0
ProjectMessenger/internal/profile/usecase/profile_usecase.go:169.3,169.61 1 0
ProjectMessenger/internal/profile/usecase/profile_usecase.go:169.61,171.4 1 0
ProjectMessenger/internal/profile/usecase/profile_usecase.go:173.2,173.13 1 0
