mode: set
ProjectMessenger/internal/profile/delivery/profile_delivery.go:33.79,35.2 1 1
ProjectMessenger/internal/profile/delivery/profile_delivery.go:62.81,65.17 3 1
ProjectMessenger/internal/profile/delivery/profile_delivery.go:65.17,67.3 1 0
ProjectMessenger/internal/profile/delivery/profile_delivery.go:68.2,69.12 2 1
ProjectMessenger/internal/profile/delivery/profile_delivery.go:69.12,72.3 2 0
ProjectMessenger/internal/profile/delivery/profile_delivery.go:73.2,76.60 3 1
ProjectMessenger/internal/profile/delivery/profile_delivery.go:90.84,93.17 3 0
ProjectMessenger/internal/profile/delivery/profile_delivery.go:93.17,95.3 1 0
ProjectMessenger/internal/profile/delivery/profile_delivery.go:96.2,96.33 1 0
ProjectMessenger/internal/profile/delivery/profile_delivery.go:96.33,99.3 2 0
ProjectMessenger/internal/profile/delivery/profile_delivery.go:101.2,104.16 4 0
ProjectMessenger/internal/profile/delivery/profile_delivery.go:104.16,107.3 2 0
ProjectMessenger/internal/profile/delivery/profile_delivery.go:108.2,108.38 1 0
ProjectMessenger/internal/profile/delivery/profile_delivery.go:108.38,111.3 2 0
ProjectMessenger/internal/profile/delivery/profile_delivery.go:113.2,114.16 2 0
ProjectMessenger/internal/profile/delivery/profile_delivery.go:114.16,117.3 2 0
ProjectMessenger/internal/profile/delivery/profile_delivery.go:118.2,118.40 1 0
ProjectMessenger/internal/profile/delivery/profile_delivery.go:133.81,136.17 3 0
ProjectMessenger/internal/profile/delivery/profile_delivery.go:136.17,138.3 1 0
ProjectMessenger/internal/profile/delivery/profile_delivery.go:139.2,139.33 1 0
ProjectMessenger/internal/profile/delivery/profile_delivery.go:139.33,142.3 2 0
ProjectMessenger/internal/profile/delivery/profile_delivery.go:144.2,147.16 4 0
ProjectMessenger/internal/profile/delivery/profile_delivery.go:147.16,150.3 2 0
ProjectMessenger/internal/profile/delivery/profile_delivery.go:151.2,151.72 1 0
ProjectMessenger/internal/profile/delivery/profile_delivery.go:151.72,154.3 2 0
ProjectMessenger/internal/profile/delivery/profile_delivery.go:156.2,157.16 2 0
ProjectMessenger/internal/profile/delivery/profile_delivery.go:157.16,160.3 2 0
ProjectMessenger/internal/profile/delivery/profile_delivery.go:161.2,161.40 1 0
ProjectMessenger/internal/profile/delivery/profile_delivery.go:175.79,178.17 3 0
ProjectMessenger/internal/profile/delivery/profile_delivery.go:178.17,180.3 1 0
ProjectMessenger/internal/profile/delivery/profile_delivery.go:181.2,181.33 1 0
ProjectMessenger/internal/profile/delivery/profile_delivery.go:181.33,184.3 2 0
ProjectMessenger/internal/profile/delivery/profile_delivery.go:185.2,187.16 3 0
ProjectMessenger/internal/profile/delivery/profile_delivery.go:187.16,190.3 2 0
ProjectMessenger/internal/profile/delivery/profile_delivery.go:193.2,194.16 2 0
ProjectMessenger/internal/profile/delivery/profile_delivery.go:194.16,197.3 2 0
ProjectMessenger/internal/profile/delivery/profile_delivery.go:198.2,201.16 3 0
ProjectMessenger/internal/profile/delivery/profile_delivery.go:201.16,202.38 1 0
ProjectMessenger/internal/profile/delivery/profile_delivery.go:202.38,204.4 1 0
ProjectMessenger/internal/profile/delivery/profile_delivery.go:204.9,206.4 1 0
ProjectMessenger/internal/profile/delivery/profile_delivery.go:207.3,207.9 1 0
ProjectMessenger/internal/profile/delivery/profile_delivery.go:210.2,210.40 1 0
ProjectMessenger/internal/profile/delivery/profile_delivery.go:222.78,225.17 3 0
ProjectMessenger/internal/profile/delivery/profile_delivery.go:225.17,227.3 1 0
ProjectMessenger/internal/profile/delivery/profile_delivery.go:228.2,229.72 2 0
ProjectMessenger/internal/profile/delivery/profile_delivery.go:243.77,246.17 3 0
ProjectMessenger/internal/profile/delivery/profile_delivery.go:246.17,248.3 1 0
ProjectMessenger/internal/profile/delivery/profile_delivery.go:250.2,253.16 4 0
ProjectMessenger/internal/profile/delivery/profile_delivery.go:253.16,256.3 2 0
ProjectMessenger/internal/profile/delivery/profile_delivery.go:257.2,258.16 2 0
ProjectMessenger/internal/profile/delivery/profile_delivery.go:258.16,259.38 1 0
ProjectMessenger/internal/profile/delivery/profile_delivery.go:259.38,261.4 1 0
ProjectMessenger/internal/profile/delivery/profile_delivery.go:261.9,264.4 2 0
ProjectMessenger/internal/profile/delivery/profile_delivery.go:266.2,266.40 1 0
ProjectMessenger/internal/profile/usecase/profile_usecase.go:21.123,24.2 2 1
ProjectMessenger/internal/profile/usecase/profile_usecase.go:26.158,28.12 2 0
ProjectMessenger/internal/profile/usecase/profile_usecase.go:28.12,30.3 1 0
ProjectMessenger/internal/profile/usecase/profile_usecase.go:31.2,32.34 2 0
ProjectMessenger/internal/profile/usecase/profile_usecase.go:32.34,35.3 2 0
ProjectMessenger/internal/profile/usecase/profile_usecase.go:36.2,36.31 1 0
ProjectMessenger/internal/profile/usecase/profile_usecase.go:36.31,39.3 2 0
ProjectMessenger/internal/profile/usecase/profile_usecase.go:40.2,40.30 1 0
ProjectMessenger/internal/profile/usecase/profile_usecase.go:40.30,43.3 2 0
ProjectMessenger/internal/profile/usecase/profile_usecase.go:44.2,44.33 1 0
ProjectMessenger/internal/profile/usecase/profile_usecase.go:44.33,47.3 2 0
ProjectMessenger/internal/profile/usecase/profile_usecase.go:48.2,48.31 1 0
ProjectMessenger/internal/profile/usecase/profile_usecase.go:48.31,51.3 2 0
ProjectMessenger/internal/profile/usecase/profile_usecase.go:53.2,53.47 1 0
ProjectMessenger/internal/profile/usecase/profile_usecase.go:53.47,55.3 1 0
ProjectMessenger/internal/profile/usecase/profile_usecase.go:57.2,58.9 2 0
ProjectMessenger/internal/profile/usecase/profile_usecase.go:58.9,60.3 1 0
ProjectMessenger/internal/profile/usecase/profile_usecase.go:61.2,61.12 1 0
ProjectMessenger/internal/profile/usecase/profile_usecase.go:64.142,66.12 2 0
ProjectMessenger/internal/profile/usecase/profile_usecase.go:66.12,68.3 1 0
ProjectMessenger/internal/profile/usecase/profile_usecase.go:69.2,69.48 1 0
ProjectMessenger/internal/profile/usecase/profile_usecase.go:69.48,71.3 1 0
ProjectMessenger/internal/profile/usecase/profile_usecase.go:72.2,74.44 3 0
ProjectMessenger/internal/profile/usecase/profile_usecase.go:74.44,76.3 1 0
ProjectMessenger/internal/profile/usecase/profile_usecase.go:78.2,83.9 5 0
ProjectMessenger/internal/profile/usecase/profile_usecase.go:83.9,85.3 1 0
ProjectMessenger/internal/profile/usecase/profile_usecase.go:86.2,86.12 1 0
ProjectMessenger/internal/profile/usecase/profile_usecase.go:89.165,91.51 2 0
ProjectMessenger/internal/profile/usecase/profile_usecase.go:91.51,93.3 1 0
ProjectMessenger/internal/profile/usecase/profile_usecase.go:94.2,95.29 2 0
ProjectMessenger/internal/profile/usecase/profile_usecase.go:95.29,97.3 1 0
ProjectMessenger/internal/profile/usecase/profile_usecase.go:98.2,99.114 2 0
ProjectMessenger/internal/profile/usecase/profile_usecase.go:99.114,101.3 1 0
ProjectMessenger/internal/profile/usecase/profile_usecase.go:103.2,104.12 2 0
ProjectMessenger/internal/profile/usecase/profile_usecase.go:104.12,106.3 1 0
ProjectMessenger/internal/profile/usecase/profile_usecase.go:107.2,108.27 2 0
ProjectMessenger/internal/profile/usecase/profile_usecase.go:108.27,110.3 1 0
ProjectMessenger/internal/profile/usecase/profile_usecase.go:112.2,113.16 2 0
ProjectMessenger/internal/profile/usecase/profile_usecase.go:113.16,115.3 1 0
ProjectMessenger/internal/profile/usecase/profile_usecase.go:116.2,118.9 3 0
ProjectMessenger/internal/profile/usecase/profile_usecase.go:118.9,120.3 1 0
ProjectMessenger/internal/profile/usecase/profile_usecase.go:122.2,122.29 1 0
ProjectMessenger/internal/profile/usecase/profile_usecase.go:122.29,124.17 2 0
ProjectMessenger/internal/profile/usecase/profile_usecase.go:124.17,126.4 1 0
ProjectMessenger/internal/profile/usecase/profile_usecase.go:128.2,128.12 1 0
ProjectMessenger/internal/profile/usecase/profile_usecase.go:131.103,134.2 2 0
ProjectMessenger/internal/profile/usecase/profile_usecase.go:136.136,138.12 2 0
ProjectMessenger/internal/profile/usecase/profile_usecase.go:138.12,140.3 1 0
ProjectMessenger/internal/profile/usecase/profile_usecase.go:141.2,142.26 2 0
ProjectMessenger/internal/profile/usecase/profile_usecase.go:142.26,143.44 1 0
ProjectMessenger/internal/profile/usecase/profile_usecase.go:143.44,145.4 1 0
ProjectMessenger/internal/profile/usecase/profile_usecase.go:148.2,149.9 2 0
ProjectMessenger/internal/profile/usecase/profile_usecase.go:149.9,151.3 1 0
ProjectMessenger/internal/profile/usecase/profile_usecase.go:152.2,152.12 1 0
ProjectMessenger/internal/profile/usecase/profile_usecase.go:155.108,157.20 2 0
ProjectMessenger/internal/profile/usecase/profile_usecase.go:157.20,159.3 1 0
ProjectMessenger/internal/profile/usecase/profile_usecase.go:160.2,160.25 1 0
ProjectMessenger/internal/profile/usecase/profile_usecase.go:160.25,161.33 1 0
ProjectMessenger/internal/profile/usecase/profile_usecase.go:161.33,162.12 1 0
ProjectMessenger/internal/profile/usecase/profile_usecase.go:164.3,164.61 1 0
ProjectMessenger/internal/profile/usecase/profile_usecase.go:164.61,166.4 1 0
ProjectMessenger/internal/profile/usecase/profile_usecase.go:168.2,168.13 1 0
