mode: set
ProjectMessenger/internal/messages/repository/db/messages.go:16.46,18.2 1 1
ProjectMessenger/internal/messages/repository/db/messages.go:20.106,25.16 5 1
ProjectMessenger/internal/messages/repository/db/messages.go:25.16,29.3 2 1
ProjectMessenger/internal/messages/repository/db/messages.go:30.2,32.16 3 1
ProjectMessenger/internal/messages/repository/db/messages.go:35.98,39.16 3 1
ProjectMessenger/internal/messages/repository/db/messages.go:39.16,47.3 3 1
ProjectMessenger/internal/messages/repository/db/messages.go:48.2,50.18 2 1
ProjectMessenger/internal/messages/repository/db/messages.go:50.18,52.142 2 1
ProjectMessenger/internal/messages/repository/db/messages.go:52.142,60.4 3 0
ProjectMessenger/internal/messages/repository/db/messages.go:61.3,61.50 1 1
ProjectMessenger/internal/messages/repository/db/messages.go:63.2,63.24 1 1
ProjectMessenger/internal/messages/repository/db/websocket.go:24.42,29.2 1 1
ProjectMessenger/internal/messages/repository/db/websocket.go:31.45,33.43 1 0
ProjectMessenger/internal/messages/repository/db/websocket.go:33.43,35.4 1 0
ProjectMessenger/internal/messages/repository/db/websocket.go:37.2,37.17 1 0
ProjectMessenger/internal/messages/repository/db/websocket.go:40.74,42.23 2 1
ProjectMessenger/internal/messages/repository/db/websocket.go:42.23,44.3 1 1
ProjectMessenger/internal/messages/repository/db/websocket.go:45.2,45.64 1 1
ProjectMessenger/internal/messages/repository/db/websocket.go:48.113,57.2 8 1
ProjectMessenger/internal/messages/repository/db/websocket.go:59.51,63.2 3 1
ProjectMessenger/internal/messages/repository/db/websocket.go:65.64,70.2 4 1
