mode: set
ProjectMessenger/internal/chats/repository/db/chats.go:19.41,23.2 1 1
ProjectMessenger/internal/chats/repository/db/chats.go:25.44,29.2 1 1
ProjectMessenger/internal/chats/repository/db/chats.go:31.88,35.16 4 1
ProjectMessenger/internal/chats/repository/db/chats.go:35.16,36.36 1 1
ProjectMessenger/internal/chats/repository/db/chats.go:36.36,39.4 2 1
ProjectMessenger/internal/chats/repository/db/chats.go:40.3,47.53 4 1
ProjectMessenger/internal/chats/repository/db/chats.go:50.2,52.18 3 1
ProjectMessenger/internal/chats/repository/db/chats.go:55.122,58.16 3 1
ProjectMessenger/internal/chats/repository/db/chats.go:58.16,67.3 4 1
ProjectMessenger/internal/chats/repository/db/chats.go:68.2,68.18 1 1
ProjectMessenger/internal/chats/repository/db/chats.go:68.18,72.65 4 1
ProjectMessenger/internal/chats/repository/db/chats.go:72.65,80.4 3 0
ProjectMessenger/internal/chats/repository/db/chats.go:81.3,83.17 3 1
ProjectMessenger/internal/chats/repository/db/chats.go:83.17,91.4 3 1
ProjectMessenger/internal/chats/repository/db/chats.go:92.3,92.23 1 1
ProjectMessenger/internal/chats/repository/db/chats.go:92.23,94.4 1 1
ProjectMessenger/internal/chats/repository/db/chats.go:96.2,96.22 1 0
ProjectMessenger/internal/chats/repository/db/chats.go:99.117,105.22 6 1
ProjectMessenger/internal/chats/repository/db/chats.go:105.22,113.3 3 0
ProjectMessenger/internal/chats/repository/db/chats.go:113.8,113.30 1 1
ProjectMessenger/internal/chats/repository/db/chats.go:113.30,117.3 3 1
ProjectMessenger/internal/chats/repository/db/chats.go:117.8,117.30 1 1
ProjectMessenger/internal/chats/repository/db/chats.go:117.30,119.3 1 1
ProjectMessenger/internal/chats/repository/db/chats.go:119.8,119.29 1 1
ProjectMessenger/internal/chats/repository/db/chats.go:119.29,123.3 3 1
ProjectMessenger/internal/chats/repository/db/chats.go:124.2,126.16 2 1
ProjectMessenger/internal/chats/repository/db/chats.go:126.16,134.3 3 1
ProjectMessenger/internal/chats/repository/db/chats.go:137.2,140.25 3 1
ProjectMessenger/internal/chats/repository/db/chats.go:140.25,142.17 2 1
ProjectMessenger/internal/chats/repository/db/chats.go:142.17,151.4 4 1
ProjectMessenger/internal/chats/repository/db/chats.go:153.2,153.20 1 1
ProjectMessenger/internal/chats/repository/db/chats.go:156.91,160.16 4 1
ProjectMessenger/internal/chats/repository/db/chats.go:160.16,163.3 2 1
ProjectMessenger/internal/chats/repository/db/chats.go:165.2,167.16 3 1
ProjectMessenger/internal/chats/repository/db/chats.go:167.16,170.3 2 1
ProjectMessenger/internal/chats/repository/db/chats.go:172.2,174.16 3 1
ProjectMessenger/internal/chats/repository/db/chats.go:174.16,177.3 2 1
ProjectMessenger/internal/chats/repository/db/chats.go:178.2,179.16 2 1
ProjectMessenger/internal/chats/repository/db/chats.go:179.16,182.3 2 0
ProjectMessenger/internal/chats/repository/db/chats.go:184.2,184.16 1 1
ProjectMessenger/internal/chats/repository/db/chats.go:184.16,186.3 1 0
ProjectMessenger/internal/chats/repository/db/chats.go:186.8,186.23 1 1
ProjectMessenger/internal/chats/repository/db/chats.go:186.23,188.3 1 1
ProjectMessenger/internal/chats/repository/db/chats.go:188.8,191.3 2 0
ProjectMessenger/internal/chats/repository/db/chats.go:194.81,198.16 4 1
ProjectMessenger/internal/chats/repository/db/chats.go:198.16,206.3 3 1
ProjectMessenger/internal/chats/repository/db/chats.go:207.2,209.18 2 1
ProjectMessenger/internal/chats/repository/db/chats.go:209.18,212.165 3 1
ProjectMessenger/internal/chats/repository/db/chats.go:212.165,220.4 3 0
ProjectMessenger/internal/chats/repository/db/chats.go:223.3,229.24 5 1
ProjectMessenger/internal/chats/repository/db/chats.go:229.24,231.4 1 1
ProjectMessenger/internal/chats/repository/db/chats.go:233.2,233.14 1 1
ProjectMessenger/internal/chats/repository/db/chats.go:236.109,240.16 4 1
ProjectMessenger/internal/chats/repository/db/chats.go:240.16,247.3 2 1
ProjectMessenger/internal/chats/repository/db/chats.go:248.2,248.26 1 1
ProjectMessenger/internal/chats/repository/db/chats.go:251.94,255.16 4 1
ProjectMessenger/internal/chats/repository/db/chats.go:255.16,256.27 1 1
ProjectMessenger/internal/chats/repository/db/chats.go:256.27,258.4 1 0
ProjectMessenger/internal/chats/repository/db/chats.go:259.3,264.33 2 1
ProjectMessenger/internal/chats/repository/db/chats.go:266.2,266.23 1 1
ProjectMessenger/internal/chats/repository/db/chats.go:269.91,272.16 3 1
ProjectMessenger/internal/chats/repository/db/chats.go:272.16,280.3 3 1
ProjectMessenger/internal/chats/repository/db/chats.go:281.2,283.18 2 1
ProjectMessenger/internal/chats/repository/db/chats.go:283.18,285.70 2 1
ProjectMessenger/internal/chats/repository/db/chats.go:285.70,293.4 3 0
ProjectMessenger/internal/chats/repository/db/chats.go:294.3,294.43 1 1
ProjectMessenger/internal/chats/repository/db/chats.go:296.2,296.18 1 1
ProjectMessenger/internal/chats/repository/db/chats.go:299.88,303.16 4 1
ProjectMessenger/internal/chats/repository/db/chats.go:303.16,312.3 4 0
ProjectMessenger/internal/chats/repository/db/chats.go:313.2,314.18 2 1
ProjectMessenger/internal/chats/repository/db/chats.go:314.18,316.140 2 1
ProjectMessenger/internal/chats/repository/db/chats.go:316.140,325.4 4 0
ProjectMessenger/internal/chats/repository/db/chats.go:326.3,326.50 1 1
ProjectMessenger/internal/chats/repository/db/chats.go:328.2,328.34 1 1
ProjectMessenger/internal/chats/repository/db/chats.go:328.34,336.3 3 0
ProjectMessenger/internal/chats/repository/db/chats.go:337.2,337.50 1 1
ProjectMessenger/internal/chats/repository/db/chats.go:337.50,339.3 1 1
ProjectMessenger/internal/chats/repository/db/chats.go:340.2,340.24 1 1
ProjectMessenger/internal/chats/repository/db/chats.go:343.89,348.16 5 1
ProjectMessenger/internal/chats/repository/db/chats.go:348.16,356.3 3 1
ProjectMessenger/internal/chats/repository/db/chats.go:357.2,357.13 1 1
ProjectMessenger/internal/chats/repository/db/chats.go:360.115,364.16 4 0
ProjectMessenger/internal/chats/repository/db/chats.go:364.16,372.3 3 0
ProjectMessenger/internal/chats/repository/db/chats.go:373.2,375.18 3 0
ProjectMessenger/internal/chats/repository/db/chats.go:375.18,378.140 3 0
ProjectMessenger/internal/chats/repository/db/chats.go:378.140,386.4 3 0
ProjectMessenger/internal/chats/repository/db/chats.go:387.3,387.25 1 0
ProjectMessenger/internal/chats/repository/db/chats.go:387.25,389.4 1 0
ProjectMessenger/internal/chats/repository/db/chats.go:389.9,391.4 1 0
ProjectMessenger/internal/chats/repository/db/chats.go:392.3,392.36 1 0
ProjectMessenger/internal/chats/repository/db/chats.go:394.2,394.34 1 0
ProjectMessenger/internal/chats/repository/db/chats.go:394.34,402.3 3 0
ProjectMessenger/internal/chats/repository/db/chats.go:403.2,403.22 1 0
ProjectMessenger/internal/chats/repository/db/chats.go:406.90,410.16 4 0
ProjectMessenger/internal/chats/repository/db/chats.go:410.16,418.3 3 0
ProjectMessenger/internal/chats/repository/db/chats.go:419.2,419.12 1 0
ProjectMessenger/internal/chats/repository/db/chats.go:422.95,426.16 4 0
ProjectMessenger/internal/chats/repository/db/chats.go:426.16,434.3 3 0
ProjectMessenger/internal/chats/repository/db/chats.go:435.2,435.12 1 0
ProjectMessenger/internal/chats/repository/db/chats.go:438.35,444.16 3 1
ProjectMessenger/internal/chats/repository/db/chats.go:444.16,451.3 2 1
ProjectMessenger/internal/chats/repository/db/chats.go:453.2,478.16 5 1
ProjectMessenger/internal/chats/repository/db/chats.go:478.16,485.3 2 1
ProjectMessenger/internal/chats/repository/db/chats.go:488.63,492.24 4 1
ProjectMessenger/internal/chats/repository/db/chats.go:492.24,510.3 13 1
ProjectMessenger/internal/chats/repository/db/chats.go:511.2,511.11 1 1
ProjectMessenger/internal/chats/repository/db/chats.go:514.36,516.16 2 1
ProjectMessenger/internal/chats/repository/db/chats.go:516.16,518.3 1 1
ProjectMessenger/internal/chats/repository/db/chats.go:521.84,524.16 3 1
ProjectMessenger/internal/chats/repository/db/chats.go:524.16,531.3 2 1
ProjectMessenger/internal/chats/repository/db/chats.go:534.108,537.16 3 1
ProjectMessenger/internal/chats/repository/db/chats.go:537.16,544.3 2 1
ProjectMessenger/internal/chats/usecase/chat_usecase.go:31.139,34.16 3 1
ProjectMessenger/internal/chats/usecase/chat_usecase.go:34.16,36.3 1 0
ProjectMessenger/internal/chats/usecase/chat_usecase.go:37.2,38.14 2 1
ProjectMessenger/internal/chats/usecase/chat_usecase.go:38.14,47.3 3 1
ProjectMessenger/internal/chats/usecase/chat_usecase.go:49.2,49.22 1 0
ProjectMessenger/internal/chats/usecase/chat_usecase.go:49.22,52.3 2 0
ProjectMessenger/internal/chats/usecase/chat_usecase.go:53.2,53.18 1 0
ProjectMessenger/internal/chats/usecase/chat_usecase.go:56.124,59.23 3 1
ProjectMessenger/internal/chats/usecase/chat_usecase.go:59.23,60.27 1 1
ProjectMessenger/internal/chats/usecase/chat_usecase.go:60.27,62.11 2 1
ProjectMessenger/internal/chats/usecase/chat_usecase.go:62.11,64.13 2 0
ProjectMessenger/internal/chats/usecase/chat_usecase.go:66.4,66.24 1 1
ProjectMessenger/internal/chats/usecase/chat_usecase.go:70.2,70.40 1 1
ProjectMessenger/internal/chats/usecase/chat_usecase.go:70.40,72.3 1 1
ProjectMessenger/internal/chats/usecase/chat_usecase.go:73.2,73.14 1 1
ProjectMessenger/internal/chats/usecase/chat_usecase.go:76.114,79.29 3 1
ProjectMessenger/internal/chats/usecase/chat_usecase.go:79.29,80.48 1 1
ProjectMessenger/internal/chats/usecase/chat_usecase.go:80.48,83.4 2 1
ProjectMessenger/internal/chats/usecase/chat_usecase.go:85.2,86.14 2 1
ProjectMessenger/internal/chats/usecase/chat_usecase.go:89.189,92.27 3 1
ProjectMessenger/internal/chats/usecase/chat_usecase.go:92.27,95.3 2 0
ProjectMessenger/internal/chats/usecase/chat_usecase.go:96.2,96.47 1 1
ProjectMessenger/internal/chats/usecase/chat_usecase.go:96.47,98.13 2 1
ProjectMessenger/internal/chats/usecase/chat_usecase.go:98.13,100.4 1 1
ProjectMessenger/internal/chats/usecase/chat_usecase.go:101.3,101.29 1 1
ProjectMessenger/internal/chats/usecase/chat_usecase.go:102.8,102.54 1 0
ProjectMessenger/internal/chats/usecase/chat_usecase.go:102.54,104.13 2 0
ProjectMessenger/internal/chats/usecase/chat_usecase.go:104.13,106.4 1 0
ProjectMessenger/internal/chats/usecase/chat_usecase.go:107.3,107.29 1 0
ProjectMessenger/internal/chats/usecase/chat_usecase.go:108.8,111.3 2 0
ProjectMessenger/internal/chats/usecase/chat_usecase.go:115.179,117.35 2 1
ProjectMessenger/internal/chats/usecase/chat_usecase.go:117.35,119.3 1 0
ProjectMessenger/internal/chats/usecase/chat_usecase.go:121.2,123.12 3 1
ProjectMessenger/internal/chats/usecase/chat_usecase.go:123.12,126.3 2 0
ProjectMessenger/internal/chats/usecase/chat_usecase.go:127.2,128.16 2 1
ProjectMessenger/internal/chats/usecase/chat_usecase.go:128.16,130.3 1 1
ProjectMessenger/internal/chats/usecase/chat_usecase.go:131.2,131.12 1 0
ProjectMessenger/internal/chats/usecase/chat_usecase.go:131.12,133.3 1 0
ProjectMessenger/internal/chats/usecase/chat_usecase.go:134.2,135.16 2 0
ProjectMessenger/internal/chats/usecase/chat_usecase.go:135.16,137.3 1 0
ProjectMessenger/internal/chats/usecase/chat_usecase.go:138.2,138.26 1 0
ProjectMessenger/internal/chats/usecase/chat_usecase.go:141.119,146.24 4 1
ProjectMessenger/internal/chats/usecase/chat_usecase.go:146.24,148.3 1 0
ProjectMessenger/internal/chats/usecase/chat_usecase.go:149.2,150.16 2 1
ProjectMessenger/internal/chats/usecase/chat_usecase.go:150.16,152.3 1 0
ProjectMessenger/internal/chats/usecase/chat_usecase.go:153.2,153.80 1 1
ProjectMessenger/internal/chats/usecase/chat_usecase.go:153.80,155.17 2 0
ProjectMessenger/internal/chats/usecase/chat_usecase.go:155.17,157.4 1 0
ProjectMessenger/internal/chats/usecase/chat_usecase.go:158.3,158.19 1 0
ProjectMessenger/internal/chats/usecase/chat_usecase.go:160.2,161.16 2 1
ProjectMessenger/internal/chats/usecase/chat_usecase.go:161.16,164.3 2 0
ProjectMessenger/internal/chats/usecase/chat_usecase.go:165.2,166.24 2 1
ProjectMessenger/internal/chats/usecase/chat_usecase.go:169.159,171.23 2 1
ProjectMessenger/internal/chats/usecase/chat_usecase.go:171.23,173.3 1 0
ProjectMessenger/internal/chats/usecase/chat_usecase.go:174.2,175.35 2 1
ProjectMessenger/internal/chats/usecase/chat_usecase.go:175.36,177.3 0 0
ProjectMessenger/internal/chats/usecase/chat_usecase.go:178.2,178.26 1 1
ProjectMessenger/internal/chats/usecase/chat_usecase.go:178.26,179.35 1 1
ProjectMessenger/internal/chats/usecase/chat_usecase.go:179.35,181.9 2 0
ProjectMessenger/internal/chats/usecase/chat_usecase.go:183.3,183.30 1 1
ProjectMessenger/internal/chats/usecase/chat_usecase.go:185.2,189.16 4 1
ProjectMessenger/internal/chats/usecase/chat_usecase.go:189.16,191.3 1 0
ProjectMessenger/internal/chats/usecase/chat_usecase.go:192.2,192.20 1 1
ProjectMessenger/internal/chats/usecase/chat_usecase.go:195.119,198.42 3 0
ProjectMessenger/internal/chats/usecase/chat_usecase.go:198.42,200.3 1 0
ProjectMessenger/internal/chats/usecase/chat_usecase.go:201.2,201.16 1 0
ProjectMessenger/internal/chats/usecase/chat_usecase.go:201.16,203.3 1 0
ProjectMessenger/internal/chats/usecase/chat_usecase.go:204.2,205.28 2 0
ProjectMessenger/internal/chats/usecase/chat_usecase.go:205.28,206.37 1 0
ProjectMessenger/internal/chats/usecase/chat_usecase.go:206.37,208.9 2 0
ProjectMessenger/internal/chats/usecase/chat_usecase.go:211.2,211.19 1 0
ProjectMessenger/internal/chats/usecase/chat_usecase.go:211.19,213.3 1 0
ProjectMessenger/internal/chats/usecase/chat_usecase.go:214.2,214.17 1 0
ProjectMessenger/internal/chats/usecase/chat_usecase.go:214.17,216.3 1 0
ProjectMessenger/internal/chats/usecase/chat_usecase.go:217.2,217.17 1 0
ProjectMessenger/internal/chats/usecase/chat_usecase.go:217.17,219.3 1 0
ProjectMessenger/internal/chats/usecase/chat_usecase.go:220.2,222.9 3 0
ProjectMessenger/internal/chats/usecase/chat_usecase.go:222.9,224.3 1 0
ProjectMessenger/internal/chats/usecase/chat_usecase.go:225.2,225.12 1 0
ProjectMessenger/internal/chats/usecase/chat_usecase.go:228.100,231.2 2 0
ProjectMessenger/internal/chats/usecase/chat_usecase.go:233.119,236.2 2 0
ProjectMessenger/internal/chats/usecase/chat_usecase.go:238.103,240.16 2 0
ProjectMessenger/internal/chats/usecase/chat_usecase.go:240.16,242.3 1 0
ProjectMessenger/internal/chats/usecase/chat_usecase.go:243.2,243.25 1 0
ProjectMessenger/internal/chats/usecase/chat_usecase.go:243.25,245.3 1 0
ProjectMessenger/internal/chats/usecase/chat_usecase.go:247.2,248.13 2 0
ProjectMessenger/internal/chats/usecase/chat_usecase.go:248.13,250.3 1 0
ProjectMessenger/internal/chats/usecase/chat_usecase.go:251.2,252.16 2 0
ProjectMessenger/internal/chats/usecase/chat_usecase.go:252.16,254.3 1 0
ProjectMessenger/internal/chats/usecase/chat_usecase.go:255.2,255.12 1 0
ProjectMessenger/internal/chats/usecase/chat_usecase.go:258.101,260.16 2 0
ProjectMessenger/internal/chats/usecase/chat_usecase.go:260.16,262.3 1 0
ProjectMessenger/internal/chats/usecase/chat_usecase.go:263.2,263.48 1 0
ProjectMessenger/internal/chats/usecase/chat_usecase.go:263.48,265.3 1 0
ProjectMessenger/internal/chats/usecase/chat_usecase.go:267.2,268.14 2 0
ProjectMessenger/internal/chats/usecase/chat_usecase.go:268.14,270.3 1 0
ProjectMessenger/internal/chats/usecase/chat_usecase.go:271.2,272.16 2 0
ProjectMessenger/internal/chats/usecase/chat_usecase.go:272.16,274.3 1 0
ProjectMessenger/internal/chats/usecase/chat_usecase.go:275.2,275.12 1 0
ProjectMessenger/internal/chats/usecase/chat_usecase.go:278.140,280.16 2 0
ProjectMessenger/internal/chats/usecase/chat_usecase.go:280.16,282.3 1 0
ProjectMessenger/internal/chats/usecase/chat_usecase.go:283.2,283.20 1 0
