mode: set
ProjectMessenger/internal/chats/repository/db/chats.go:19.41,23.2 1 1
ProjectMessenger/internal/chats/repository/db/chats.go:25.44,29.2 1 1
ProjectMessenger/internal/chats/repository/db/chats.go:31.88,35.16 4 1
ProjectMessenger/internal/chats/repository/db/chats.go:35.16,36.36 1 1
ProjectMessenger/internal/chats/repository/db/chats.go:36.36,39.4 2 1
ProjectMessenger/internal/chats/repository/db/chats.go:40.3,47.53 4 1
ProjectMessenger/internal/chats/repository/db/chats.go:50.2,52.18 3 1
ProjectMessenger/internal/chats/repository/db/chats.go:55.122,58.16 3 0
ProjectMessenger/internal/chats/repository/db/chats.go:58.16,67.3 4 0
ProjectMessenger/internal/chats/repository/db/chats.go:68.2,68.18 1 0
ProjectMessenger/internal/chats/repository/db/chats.go:68.18,70.43 2 0
ProjectMessenger/internal/chats/repository/db/chats.go:70.43,78.4 3 0
ProjectMessenger/internal/chats/repository/db/chats.go:79.3,81.17 3 0
ProjectMessenger/internal/chats/repository/db/chats.go:81.17,89.4 3 0
ProjectMessenger/internal/chats/repository/db/chats.go:90.3,90.23 1 0
ProjectMessenger/internal/chats/repository/db/chats.go:90.23,92.4 1 0
ProjectMessenger/internal/chats/repository/db/chats.go:94.2,94.22 1 0
ProjectMessenger/internal/chats/repository/db/chats.go:97.117,103.22 6 1
ProjectMessenger/internal/chats/repository/db/chats.go:103.22,111.3 3 1
ProjectMessenger/internal/chats/repository/db/chats.go:111.8,111.30 1 1
ProjectMessenger/internal/chats/repository/db/chats.go:111.30,113.3 1 1
ProjectMessenger/internal/chats/repository/db/chats.go:113.8,117.3 3 1
ProjectMessenger/internal/chats/repository/db/chats.go:118.2,120.16 2 1
ProjectMessenger/internal/chats/repository/db/chats.go:120.16,128.3 3 1
ProjectMessenger/internal/chats/repository/db/chats.go:131.2,134.25 3 1
ProjectMessenger/internal/chats/repository/db/chats.go:134.25,136.17 2 1
ProjectMessenger/internal/chats/repository/db/chats.go:136.17,145.4 4 1
ProjectMessenger/internal/chats/repository/db/chats.go:147.2,147.20 1 1
ProjectMessenger/internal/chats/repository/db/chats.go:150.91,154.16 4 1
ProjectMessenger/internal/chats/repository/db/chats.go:154.16,157.3 2 1
ProjectMessenger/internal/chats/repository/db/chats.go:159.2,161.16 3 1
ProjectMessenger/internal/chats/repository/db/chats.go:161.16,164.3 2 1
ProjectMessenger/internal/chats/repository/db/chats.go:166.2,168.16 3 1
ProjectMessenger/internal/chats/repository/db/chats.go:168.16,171.3 2 1
ProjectMessenger/internal/chats/repository/db/chats.go:172.2,173.16 2 1
ProjectMessenger/internal/chats/repository/db/chats.go:173.16,176.3 2 0
ProjectMessenger/internal/chats/repository/db/chats.go:178.2,178.16 1 1
ProjectMessenger/internal/chats/repository/db/chats.go:178.16,180.3 1 0
ProjectMessenger/internal/chats/repository/db/chats.go:180.8,180.23 1 1
ProjectMessenger/internal/chats/repository/db/chats.go:180.23,182.3 1 1
ProjectMessenger/internal/chats/repository/db/chats.go:182.8,185.3 2 0
ProjectMessenger/internal/chats/repository/db/chats.go:188.81,192.16 4 1
ProjectMessenger/internal/chats/repository/db/chats.go:192.16,200.3 3 1
ProjectMessenger/internal/chats/repository/db/chats.go:201.2,203.18 2 1
ProjectMessenger/internal/chats/repository/db/chats.go:203.18,206.165 3 1
ProjectMessenger/internal/chats/repository/db/chats.go:206.165,214.4 3 0
ProjectMessenger/internal/chats/repository/db/chats.go:217.3,223.24 5 1
ProjectMessenger/internal/chats/repository/db/chats.go:223.24,225.4 1 1
ProjectMessenger/internal/chats/repository/db/chats.go:227.2,227.34 1 1
ProjectMessenger/internal/chats/repository/db/chats.go:227.34,235.3 3 0
ProjectMessenger/internal/chats/repository/db/chats.go:236.2,236.14 1 1
ProjectMessenger/internal/chats/repository/db/chats.go:239.109,243.16 4 1
ProjectMessenger/internal/chats/repository/db/chats.go:243.16,250.3 2 1
ProjectMessenger/internal/chats/repository/db/chats.go:251.2,251.26 1 1
ProjectMessenger/internal/chats/repository/db/chats.go:254.94,258.16 4 0
ProjectMessenger/internal/chats/repository/db/chats.go:258.16,259.27 1 0
ProjectMessenger/internal/chats/repository/db/chats.go:259.27,261.4 1 0
ProjectMessenger/internal/chats/repository/db/chats.go:262.3,267.33 2 0
ProjectMessenger/internal/chats/repository/db/chats.go:269.2,269.23 1 0
ProjectMessenger/internal/chats/repository/db/chats.go:272.91,275.16 3 1
ProjectMessenger/internal/chats/repository/db/chats.go:275.16,283.3 3 1
ProjectMessenger/internal/chats/repository/db/chats.go:284.2,286.18 2 1
ProjectMessenger/internal/chats/repository/db/chats.go:286.18,288.70 2 1
ProjectMessenger/internal/chats/repository/db/chats.go:288.70,296.4 3 0
ProjectMessenger/internal/chats/repository/db/chats.go:297.3,297.43 1 1
ProjectMessenger/internal/chats/repository/db/chats.go:299.2,299.18 1 1
ProjectMessenger/internal/chats/repository/db/chats.go:302.88,306.16 4 0
ProjectMessenger/internal/chats/repository/db/chats.go:306.16,315.3 4 0
ProjectMessenger/internal/chats/repository/db/chats.go:316.2,317.18 2 0
ProjectMessenger/internal/chats/repository/db/chats.go:317.18,319.140 2 0
ProjectMessenger/internal/chats/repository/db/chats.go:319.140,328.4 4 0
ProjectMessenger/internal/chats/repository/db/chats.go:329.3,329.50 1 0
ProjectMessenger/internal/chats/repository/db/chats.go:331.2,331.34 1 0
ProjectMessenger/internal/chats/repository/db/chats.go:331.34,339.3 3 0
ProjectMessenger/internal/chats/repository/db/chats.go:340.2,340.50 1 0
ProjectMessenger/internal/chats/repository/db/chats.go:340.50,342.3 1 0
ProjectMessenger/internal/chats/repository/db/chats.go:343.2,343.24 1 0
ProjectMessenger/internal/chats/repository/db/chats.go:346.89,351.16 5 1
ProjectMessenger/internal/chats/repository/db/chats.go:351.16,359.3 3 1
ProjectMessenger/internal/chats/repository/db/chats.go:360.2,360.13 1 1
ProjectMessenger/internal/chats/repository/db/chats.go:363.35,369.16 5 1
ProjectMessenger/internal/chats/repository/db/chats.go:369.16,376.3 2 1
ProjectMessenger/internal/chats/repository/db/chats.go:378.2,403.16 5 1
ProjectMessenger/internal/chats/repository/db/chats.go:403.16,410.3 2 1
ProjectMessenger/internal/chats/repository/db/chats.go:413.63,417.24 4 1
ProjectMessenger/internal/chats/repository/db/chats.go:417.24,435.3 13 1
ProjectMessenger/internal/chats/repository/db/chats.go:436.2,436.11 1 1
ProjectMessenger/internal/chats/repository/db/chats.go:439.36,441.16 2 1
ProjectMessenger/internal/chats/repository/db/chats.go:441.16,443.3 1 1
ProjectMessenger/internal/chats/repository/db/chats.go:446.84,449.16 3 1
ProjectMessenger/internal/chats/repository/db/chats.go:449.16,456.3 2 1
ProjectMessenger/internal/chats/repository/db/chats.go:459.108,462.16 3 1
ProjectMessenger/internal/chats/repository/db/chats.go:462.16,469.3 2 1
