mode: set
ProjectMessenger/internal/chats/repository/db/chats.go:19.41,23.2 1 1
ProjectMessenger/internal/chats/repository/db/chats.go:25.44,29.2 1 1
ProjectMessenger/internal/chats/repository/db/chats.go:31.88,35.16 4 1
ProjectMessenger/internal/chats/repository/db/chats.go:35.16,36.36 1 1
ProjectMessenger/internal/chats/repository/db/chats.go:36.36,39.4 2 1
ProjectMessenger/internal/chats/repository/db/chats.go:40.3,47.53 4 1
ProjectMessenger/internal/chats/repository/db/chats.go:50.2,52.18 3 1
ProjectMessenger/internal/chats/repository/db/chats.go:55.122,58.16 3 1
ProjectMessenger/internal/chats/repository/db/chats.go:58.16,67.3 4 1
ProjectMessenger/internal/chats/repository/db/chats.go:68.2,68.18 1 1
ProjectMessenger/internal/chats/repository/db/chats.go:68.18,72.65 4 1
ProjectMessenger/internal/chats/repository/db/chats.go:72.65,80.4 3 0
ProjectMessenger/internal/chats/repository/db/chats.go:81.3,83.17 3 1
ProjectMessenger/internal/chats/repository/db/chats.go:83.17,91.4 3 1
ProjectMessenger/internal/chats/repository/db/chats.go:92.3,92.23 1 1
ProjectMessenger/internal/chats/repository/db/chats.go:92.23,94.4 1 1
ProjectMessenger/internal/chats/repository/db/chats.go:96.2,96.22 1 0
ProjectMessenger/internal/chats/repository/db/chats.go:99.117,105.22 6 1
ProjectMessenger/internal/chats/repository/db/chats.go:105.22,113.3 3 0
ProjectMessenger/internal/chats/repository/db/chats.go:113.8,113.30 1 1
ProjectMessenger/internal/chats/repository/db/chats.go:113.30,117.3 3 1
ProjectMessenger/internal/chats/repository/db/chats.go:117.8,117.30 1 1
ProjectMessenger/internal/chats/repository/db/chats.go:117.30,119.3 1 1
ProjectMessenger/internal/chats/repository/db/chats.go:119.8,119.29 1 1
ProjectMessenger/internal/chats/repository/db/chats.go:119.29,123.3 3 1
ProjectMessenger/internal/chats/repository/db/chats.go:124.2,126.16 2 1
ProjectMessenger/internal/chats/repository/db/chats.go:126.16,134.3 3 1
ProjectMessenger/internal/chats/repository/db/chats.go:137.2,140.25 3 1
ProjectMessenger/internal/chats/repository/db/chats.go:140.25,142.17 2 1
ProjectMessenger/internal/chats/repository/db/chats.go:142.17,151.4 4 1
ProjectMessenger/internal/chats/repository/db/chats.go:153.2,153.20 1 1
ProjectMessenger/internal/chats/repository/db/chats.go:156.91,160.16 4 1
ProjectMessenger/internal/chats/repository/db/chats.go:160.16,163.3 2 1
ProjectMessenger/internal/chats/repository/db/chats.go:165.2,167.16 3 1
ProjectMessenger/internal/chats/repository/db/chats.go:167.16,170.3 2 1
ProjectMessenger/internal/chats/repository/db/chats.go:172.2,174.16 3 1
ProjectMessenger/internal/chats/repository/db/chats.go:174.16,177.3 2 1
ProjectMessenger/internal/chats/repository/db/chats.go:178.2,179.16 2 1
ProjectMessenger/internal/chats/repository/db/chats.go:179.16,182.3 2 0
ProjectMessenger/internal/chats/repository/db/chats.go:184.2,184.16 1 1
ProjectMessenger/internal/chats/repository/db/chats.go:184.16,186.3 1 0
ProjectMessenger/internal/chats/repository/db/chats.go:186.8,186.23 1 1
ProjectMessenger/internal/chats/repository/db/chats.go:186.23,188.3 1 1
ProjectMessenger/internal/chats/repository/db/chats.go:188.8,191.3 2 0
ProjectMessenger/internal/chats/repository/db/chats.go:194.81,198.16 4 1
ProjectMessenger/internal/chats/repository/db/chats.go:198.16,206.3 3 1
ProjectMessenger/internal/chats/repository/db/chats.go:207.2,209.18 2 1
ProjectMessenger/internal/chats/repository/db/chats.go:209.18,212.165 3 1
ProjectMessenger/internal/chats/repository/db/chats.go:212.165,220.4 3 0
ProjectMessenger/internal/chats/repository/db/chats.go:223.3,229.24 5 1
ProjectMessenger/internal/chats/repository/db/chats.go:229.24,231.4 1 1
ProjectMessenger/internal/chats/repository/db/chats.go:233.2,233.14 1 1
ProjectMessenger/internal/chats/repository/db/chats.go:236.109,240.16 4 1
ProjectMessenger/internal/chats/repository/db/chats.go:240.16,247.3 2 1
ProjectMessenger/internal/chats/repository/db/chats.go:248.2,248.26 1 1
ProjectMessenger/internal/chats/repository/db/chats.go:251.94,255.16 4 1
ProjectMessenger/internal/chats/repository/db/chats.go:255.16,256.27 1 1
ProjectMessenger/internal/chats/repository/db/chats.go:256.27,258.4 1 0
ProjectMessenger/internal/chats/repository/db/chats.go:259.3,264.33 2 1
ProjectMessenger/internal/chats/repository/db/chats.go:266.2,266.23 1 1
ProjectMessenger/internal/chats/repository/db/chats.go:269.91,272.16 3 1
ProjectMessenger/internal/chats/repository/db/chats.go:272.16,280.3 3 1
ProjectMessenger/internal/chats/repository/db/chats.go:281.2,283.18 2 1
ProjectMessenger/internal/chats/repository/db/chats.go:283.18,285.70 2 1
ProjectMessenger/internal/chats/repository/db/chats.go:285.70,293.4 3 0
ProjectMessenger/internal/chats/repository/db/chats.go:294.3,294.43 1 1
ProjectMessenger/internal/chats/repository/db/chats.go:296.2,296.18 1 1
ProjectMessenger/internal/chats/repository/db/chats.go:299.88,303.16 4 1
ProjectMessenger/internal/chats/repository/db/chats.go:303.16,312.3 4 0
ProjectMessenger/internal/chats/repository/db/chats.go:313.2,314.18 2 1
ProjectMessenger/internal/chats/repository/db/chats.go:314.18,316.140 2 1
ProjectMessenger/internal/chats/repository/db/chats.go:316.140,325.4 4 0
ProjectMessenger/internal/chats/repository/db/chats.go:326.3,326.50 1 1
ProjectMessenger/internal/chats/repository/db/chats.go:328.2,328.34 1 1
ProjectMessenger/internal/chats/repository/db/chats.go:328.34,336.3 3 0
ProjectMessenger/internal/chats/repository/db/chats.go:337.2,337.50 1 1
ProjectMessenger/internal/chats/repository/db/chats.go:337.50,339.3 1 1
ProjectMessenger/internal/chats/repository/db/chats.go:340.2,340.24 1 1
ProjectMessenger/internal/chats/repository/db/chats.go:343.89,348.16 5 1
ProjectMessenger/internal/chats/repository/db/chats.go:348.16,356.3 3 1
ProjectMessenger/internal/chats/repository/db/chats.go:357.2,357.13 1 1
ProjectMessenger/internal/chats/repository/db/chats.go:360.115,364.16 4 0
ProjectMessenger/internal/chats/repository/db/chats.go:364.16,372.3 3 0
ProjectMessenger/internal/chats/repository/db/chats.go:373.2,375.18 3 0
ProjectMessenger/internal/chats/repository/db/chats.go:375.18,378.140 3 0
ProjectMessenger/internal/chats/repository/db/chats.go:378.140,386.4 3 0
ProjectMessenger/internal/chats/repository/db/chats.go:387.3,387.25 1 0
ProjectMessenger/internal/chats/repository/db/chats.go:387.25,389.4 1 0
ProjectMessenger/internal/chats/repository/db/chats.go:389.9,391.4 1 0
ProjectMessenger/internal/chats/repository/db/chats.go:392.3,392.36 1 0
ProjectMessenger/internal/chats/repository/db/chats.go:394.2,394.34 1 0
ProjectMessenger/internal/chats/repository/db/chats.go:394.34,402.3 3 0
ProjectMessenger/internal/chats/repository/db/chats.go:403.2,403.22 1 0
ProjectMessenger/internal/chats/repository/db/chats.go:406.90,410.16 4 0
ProjectMessenger/internal/chats/repository/db/chats.go:410.16,418.3 3 0
ProjectMessenger/internal/chats/repository/db/chats.go:419.2,419.12 1 0
ProjectMessenger/internal/chats/repository/db/chats.go:422.95,426.16 4 0
ProjectMessenger/internal/chats/repository/db/chats.go:426.16,434.3 3 0
ProjectMessenger/internal/chats/repository/db/chats.go:435.2,435.12 1 0
ProjectMessenger/internal/chats/repository/db/chats.go:438.35,444.16 3 1
ProjectMessenger/internal/chats/repository/db/chats.go:444.16,451.3 2 1
ProjectMessenger/internal/chats/repository/db/chats.go:453.2,478.16 5 1
ProjectMessenger/internal/chats/repository/db/chats.go:478.16,485.3 2 1
ProjectMessenger/internal/chats/repository/db/chats.go:488.63,492.24 4 1
ProjectMessenger/internal/chats/repository/db/chats.go:492.24,510.3 13 1
ProjectMessenger/internal/chats/repository/db/chats.go:511.2,511.11 1 1
ProjectMessenger/internal/chats/repository/db/chats.go:514.36,516.16 2 1
ProjectMessenger/internal/chats/repository/db/chats.go:516.16,518.3 1 1
ProjectMessenger/internal/chats/repository/db/chats.go:521.84,524.16 3 1
ProjectMessenger/internal/chats/repository/db/chats.go:524.16,531.3 2 1
ProjectMessenger/internal/chats/repository/db/chats.go:534.108,537.16 3 1
ProjectMessenger/internal/chats/repository/db/chats.go:537.16,544.3 2 1
